{"/home/rs678/Projects/ecommerce-fakestore2/src/App.tsx": {"path":"/home/rs678/Projects/ecommerce-fakestore2/src/App.tsx","statementMap":{"0":{"start":{"line":14,"column":22},"end":{"line":143,"column":1}},"1":{"start":{"line":15,"column":34},"end":{"line":15,"column":49}},"2":{"start":{"line":16,"column":40},"end":{"line":16,"column":105}},"3":{"start":{"line":18,"column":20},"end":{"line":18,"column":71}},"4":{"start":{"line":18,"column":54},"end":{"line":18,"column":70}},"5":{"start":{"line":19,"column":28},"end":{"line":19,"column":73}},"6":{"start":{"line":19,"column":62},"end":{"line":19,"column":72}},"7":{"start":{"line":22,"column":25},"end":{"line":22,"column":84}},"8":{"start":{"line":22,"column":59},"end":{"line":22,"column":80}},"9":{"start":{"line":25,"column":2},"end":{"line":29,"column":26}},"10":{"start":{"line":26,"column":4},"end":{"line":28,"column":5}},"11":{"start":{"line":27,"column":6},"end":{"line":27,"column":33}},"12":{"start":{"line":31,"column":2},"end":{"line":33,"column":3}},"13":{"start":{"line":32,"column":4},"end":{"line":32,"column":82}},"14":{"start":{"line":35,"column":2},"end":{"line":142,"column":4}},"15":{"start":{"line":51,"column":27},"end":{"line":51,"column":53}},"16":{"start":{"line":67,"column":31},"end":{"line":67,"column":56}},"17":{"start":{"line":80,"column":31},"end":{"line":80,"column":55}},"18":{"start":{"line":96,"column":29},"end":{"line":96,"column":52}},"19":{"start":{"line":111,"column":27},"end":{"line":111,"column":49}},"20":{"start":{"line":127,"column":54},"end":{"line":127,"column":72}}},"fnMap":{"0":{"name":"(anonymous_0)","decl":{"start":{"line":14,"column":22},"end":{"line":14,"column":25}},"loc":{"start":{"line":14,"column":27},"end":{"line":143,"column":1}}},"1":{"name":"(anonymous_1)","decl":{"start":{"line":18,"column":32},"end":{"line":18,"column":33}},"loc":{"start":{"line":18,"column":54},"end":{"line":18,"column":70}}},"2":{"name":"(anonymous_2)","decl":{"start":{"line":19,"column":40},"end":{"line":19,"column":41}},"loc":{"start":{"line":19,"column":62},"end":{"line":19,"column":72}}},"3":{"name":"(anonymous_3)","decl":{"start":{"line":22,"column":42},"end":{"line":22,"column":43}},"loc":{"start":{"line":22,"column":59},"end":{"line":22,"column":80}}},"4":{"name":"(anonymous_4)","decl":{"start":{"line":25,"column":12},"end":{"line":25,"column":15}},"loc":{"start":{"line":25,"column":17},"end":{"line":29,"column":3}}},"5":{"name":"(anonymous_5)","decl":{"start":{"line":51,"column":21},"end":{"line":51,"column":24}},"loc":{"start":{"line":51,"column":27},"end":{"line":51,"column":53}}},"6":{"name":"(anonymous_6)","decl":{"start":{"line":67,"column":25},"end":{"line":67,"column":28}},"loc":{"start":{"line":67,"column":31},"end":{"line":67,"column":56}}},"7":{"name":"(anonymous_7)","decl":{"start":{"line":80,"column":25},"end":{"line":80,"column":28}},"loc":{"start":{"line":80,"column":31},"end":{"line":80,"column":55}}},"8":{"name":"(anonymous_8)","decl":{"start":{"line":96,"column":23},"end":{"line":96,"column":26}},"loc":{"start":{"line":96,"column":29},"end":{"line":96,"column":52}}},"9":{"name":"(anonymous_9)","decl":{"start":{"line":111,"column":21},"end":{"line":111,"column":24}},"loc":{"start":{"line":111,"column":27},"end":{"line":111,"column":49}}},"10":{"name":"(anonymous_10)","decl":{"start":{"line":127,"column":48},"end":{"line":127,"column":51}},"loc":{"start":{"line":127,"column":54},"end":{"line":127,"column":72}}}},"branchMap":{"0":{"loc":{"start":{"line":26,"column":4},"end":{"line":28,"column":5}},"type":"if","locations":[{"start":{"line":26,"column":4},"end":{"line":28,"column":5}},{"start":{},"end":{}}]},"1":{"loc":{"start":{"line":26,"column":8},"end":{"line":26,"column":39}},"type":"binary-expr","locations":[{"start":{"line":26,"column":8},"end":{"line":26,"column":12}},{"start":{"line":26,"column":16},"end":{"line":26,"column":39}}]},"2":{"loc":{"start":{"line":31,"column":2},"end":{"line":33,"column":3}},"type":"if","locations":[{"start":{"line":31,"column":2},"end":{"line":33,"column":3}},{"start":{},"end":{}}]},"3":{"loc":{"start":{"line":54,"column":31},"end":{"line":54,"column":85}},"type":"cond-expr","locations":[{"start":{"line":54,"column":60},"end":{"line":54,"column":69}},{"start":{"line":54,"column":72},"end":{"line":54,"column":85}}]},"4":{"loc":{"start":{"line":55,"column":21},"end":{"line":55,"column":69}},"type":"cond-expr","locations":[{"start":{"line":55,"column":50},"end":{"line":55,"column":57}},{"start":{"line":55,"column":60},"end":{"line":55,"column":69}}]},"5":{"loc":{"start":{"line":64,"column":11},"end":{"line":107,"column":null}},"type":"cond-expr","locations":[{"start":{"line":65,"column":12},"end":{"line":92,"column":null}},{"start":{"line":95,"column":12},"end":{"line":104,"column":null}}]},"6":{"loc":{"start":{"line":70,"column":35},"end":{"line":70,"column":88}},"type":"cond-expr","locations":[{"start":{"line":70,"column":63},"end":{"line":70,"column":72}},{"start":{"line":70,"column":75},"end":{"line":70,"column":88}}]},"7":{"loc":{"start":{"line":71,"column":25},"end":{"line":71,"column":72}},"type":"cond-expr","locations":[{"start":{"line":71,"column":53},"end":{"line":71,"column":60}},{"start":{"line":71,"column":63},"end":{"line":71,"column":72}}]},"8":{"loc":{"start":{"line":83,"column":35},"end":{"line":83,"column":87}},"type":"cond-expr","locations":[{"start":{"line":83,"column":62},"end":{"line":83,"column":71}},{"start":{"line":83,"column":74},"end":{"line":83,"column":87}}]},"9":{"loc":{"start":{"line":84,"column":25},"end":{"line":84,"column":71}},"type":"cond-expr","locations":[{"start":{"line":84,"column":52},"end":{"line":84,"column":59}},{"start":{"line":84,"column":62},"end":{"line":84,"column":71}}]},"10":{"loc":{"start":{"line":99,"column":33},"end":{"line":99,"column":84}},"type":"cond-expr","locations":[{"start":{"line":99,"column":59},"end":{"line":99,"column":68}},{"start":{"line":99,"column":71},"end":{"line":99,"column":84}}]},"11":{"loc":{"start":{"line":100,"column":23},"end":{"line":100,"column":68}},"type":"cond-expr","locations":[{"start":{"line":100,"column":49},"end":{"line":100,"column":56}},{"start":{"line":100,"column":59},"end":{"line":100,"column":68}}]},"12":{"loc":{"start":{"line":131,"column":9},"end":{"line":131,"column":54}},"type":"binary-expr","locations":[{"start":{"line":131,"column":9},"end":{"line":131,"column":35}},{"start":{"line":131,"column":39},"end":{"line":131,"column":54}}]},"13":{"loc":{"start":{"line":132,"column":9},"end":{"line":132,"column":61}},"type":"binary-expr","locations":[{"start":{"line":132,"column":9},"end":{"line":132,"column":34}},{"start":{"line":132,"column":38},"end":{"line":132,"column":42}},{"start":{"line":132,"column":46},"end":{"line":132,"column":61}}]},"14":{"loc":{"start":{"line":133,"column":9},"end":{"line":133,"column":61}},"type":"binary-expr","locations":[{"start":{"line":133,"column":9},"end":{"line":133,"column":33}},{"start":{"line":133,"column":37},"end":{"line":133,"column":41}},{"start":{"line":133,"column":45},"end":{"line":133,"column":61}}]},"15":{"loc":{"start":{"line":134,"column":9},"end":{"line":134,"column":58}},"type":"binary-expr","locations":[{"start":{"line":134,"column":9},"end":{"line":134,"column":32}},{"start":{"line":134,"column":36},"end":{"line":134,"column":41}},{"start":{"line":134,"column":45},"end":{"line":134,"column":58}}]},"16":{"loc":{"start":{"line":135,"column":9},"end":{"line":138,"column":null}},"type":"binary-expr","locations":[{"start":{"line":135,"column":10},"end":{"line":135,"column":35}},{"start":{"line":135,"column":39},"end":{"line":135,"column":63}},{"start":{"line":135,"column":68},"end":{"line":135,"column":73}},{"start":{"line":136,"column":10},"end":{"line":136,"column":null}}]}},"s":{"0":0,"1":0,"2":0,"3":0,"4":0,"5":0,"6":0,"7":0,"8":0,"9":0,"10":0,"11":0,"12":0,"13":0,"14":0,"15":0,"16":0,"17":0,"18":0,"19":0,"20":0},"f":{"0":0,"1":0,"2":0,"3":0,"4":0,"5":0,"6":0,"7":0,"8":0,"9":0,"10":0},"b":{"0":[0,0],"1":[0,0],"2":[0,0],"3":[0,0],"4":[0,0],"5":[0,0],"6":[0,0],"7":[0,0],"8":[0,0],"9":[0,0],"10":[0,0],"11":[0,0],"12":[0,0],"13":[0,0,0],"14":[0,0,0],"15":[0,0,0],"16":[0,0,0,0]}}
,"/home/rs678/Projects/ecommerce-fakestore2/src/store.ts": {"path":"/home/rs678/Projects/ecommerce-fakestore2/src/store.ts","statementMap":{"0":{"start":{"line":6,"column":21},"end":{"line":11,"column":2}},"1":{"start":{"line":16,"column":0},"end":{"line":16,"column":42}}},"fnMap":{},"branchMap":{},"s":{"0":0,"1":0},"f":{},"b":{}}
,"/home/rs678/Projects/ecommerce-fakestore2/src/components/ShoppingCart.tsx": {"path":"/home/rs678/Projects/ecommerce-fakestore2/src/components/ShoppingCart.tsx","statementMap":{"0":{"start":{"line":2,"column":0},"end":{"line":2,"column":40}},"1":{"start":{"line":3,"column":0},"end":{"line":3,"column":55}},"2":{"start":{"line":5,"column":0},"end":{"line":5,"column":71}},"3":{"start":{"line":6,"column":0},"end":{"line":6,"column":47}},"4":{"start":{"line":7,"column":0},"end":{"line":7,"column":47}},"5":{"start":{"line":14,"column":50},"end":{"line":193,"column":1}},"6":{"start":{"line":16,"column":16},"end":{"line":16,"column":67}},"7":{"start":{"line":16,"column":50},"end":{"line":16,"column":66}},"8":{"start":{"line":17,"column":19},"end":{"line":17,"column":64}},"9":{"start":{"line":17,"column":53},"end":{"line":17,"column":63}},"10":{"start":{"line":18,"column":19},"end":{"line":18,"column":45}},"11":{"start":{"line":19,"column":56},"end":{"line":19,"column":71}},"12":{"start":{"line":20,"column":40},"end":{"line":20,"column":55}},"13":{"start":{"line":23,"column":21},"end":{"line":23,"column":76}},"14":{"start":{"line":23,"column":51},"end":{"line":23,"column":72}},"15":{"start":{"line":24,"column":21},"end":{"line":24,"column":91}},"16":{"start":{"line":24,"column":51},"end":{"line":24,"column":87}},"17":{"start":{"line":26,"column":25},"end":{"line":76,"column":3}},"18":{"start":{"line":27,"column":4},"end":{"line":27,"column":44}},"19":{"start":{"line":27,"column":37},"end":{"line":27,"column":44}},"20":{"start":{"line":29,"column":4},"end":{"line":29,"column":25}},"21":{"start":{"line":31,"column":4},"end":{"line":75,"column":5}},"22":{"start":{"line":33,"column":26},"end":{"line":33,"column":45}},"23":{"start":{"line":34,"column":25},"end":{"line":53,"column":8}},"24":{"start":{"line":36,"column":24},"end":{"line":46,"column":10}},"25":{"start":{"line":36,"column":46},"end":{"line":36,"column":77}},"26":{"start":{"line":48,"column":8},"end":{"line":52,"column":10}},"27":{"start":{"line":56,"column":6},"end":{"line":61,"column":9}},"28":{"start":{"line":64,"column":6},"end":{"line":64,"column":28}},"29":{"start":{"line":65,"column":6},"end":{"line":65,"column":35}},"30":{"start":{"line":66,"column":6},"end":{"line":69,"column":15}},"31":{"start":{"line":67,"column":8},"end":{"line":67,"column":38}},"32":{"start":{"line":68,"column":8},"end":{"line":68,"column":18}},"33":{"start":{"line":71,"column":6},"end":{"line":71,"column":47}},"34":{"start":{"line":72,"column":6},"end":{"line":72,"column":50}},"35":{"start":{"line":74,"column":6},"end":{"line":74,"column":28}},"36":{"start":{"line":78,"column":2},"end":{"line":80,"column":3}},"37":{"start":{"line":79,"column":4},"end":{"line":79,"column":16}},"38":{"start":{"line":83,"column":2},"end":{"line":106,"column":3}},"39":{"start":{"line":84,"column":4},"end":{"line":105,"column":6}},"40":{"start":{"line":108,"column":2},"end":{"line":192,"column":4}},"41":{"start":{"line":142,"column":12},"end":{"line":142,"column":30}},"42":{"start":{"line":149,"column":31},"end":{"line":149,"column":64}},"43":{"start":{"line":195,"column":0},"end":{"line":195,"column":28}}},"fnMap":{"0":{"name":"(anonymous_0)","decl":{"start":{"line":14,"column":50},"end":{"line":14,"column":51}},"loc":{"start":{"line":14,"column":75},"end":{"line":193,"column":1}}},"1":{"name":"(anonymous_1)","decl":{"start":{"line":16,"column":28},"end":{"line":16,"column":29}},"loc":{"start":{"line":16,"column":50},"end":{"line":16,"column":66}}},"2":{"name":"(anonymous_2)","decl":{"start":{"line":17,"column":31},"end":{"line":17,"column":32}},"loc":{"start":{"line":17,"column":53},"end":{"line":17,"column":63}}},"3":{"name":"(anonymous_3)","decl":{"start":{"line":23,"column":34},"end":{"line":23,"column":35}},"loc":{"start":{"line":23,"column":51},"end":{"line":23,"column":72}}},"4":{"name":"(anonymous_4)","decl":{"start":{"line":24,"column":34},"end":{"line":24,"column":35}},"loc":{"start":{"line":24,"column":51},"end":{"line":24,"column":87}}},"5":{"name":"(anonymous_5)","decl":{"start":{"line":26,"column":25},"end":{"line":26,"column":30}},"loc":{"start":{"line":26,"column":36},"end":{"line":76,"column":3}}},"6":{"name":"(anonymous_6)","decl":{"start":{"line":34,"column":35},"end":{"line":34,"column":43}},"loc":{"start":{"line":34,"column":46},"end":{"line":53,"column":7}}},"7":{"name":"(anonymous_7)","decl":{"start":{"line":36,"column":41},"end":{"line":36,"column":42}},"loc":{"start":{"line":36,"column":46},"end":{"line":36,"column":77}}},"8":{"name":"(anonymous_8)","decl":{"start":{"line":66,"column":17},"end":{"line":66,"column":20}},"loc":{"start":{"line":66,"column":22},"end":{"line":69,"column":7}}},"9":{"name":"(anonymous_9)","decl":{"start":{"line":141,"column":21},"end":{"line":141,"column":22}},"loc":{"start":{"line":142,"column":12},"end":{"line":142,"column":30}}},"10":{"name":"(anonymous_10)","decl":{"start":{"line":149,"column":25},"end":{"line":149,"column":28}},"loc":{"start":{"line":149,"column":31},"end":{"line":149,"column":64}}}},"branchMap":{"0":{"loc":{"start":{"line":27,"column":4},"end":{"line":27,"column":44}},"type":"if","locations":[{"start":{"line":27,"column":4},"end":{"line":27,"column":44}},{"start":{},"end":{}}]},"1":{"loc":{"start":{"line":27,"column":8},"end":{"line":27,"column":35}},"type":"binary-expr","locations":[{"start":{"line":27,"column":8},"end":{"line":27,"column":13}},{"start":{"line":27,"column":17},"end":{"line":27,"column":35}}]},"2":{"loc":{"start":{"line":36,"column":24},"end":{"line":46,"column":10}},"type":"binary-expr","locations":[{"start":{"line":36,"column":24},"end":{"line":36,"column":78}},{"start":{"line":36,"column":82},"end":{"line":46,"column":10}}]},"3":{"loc":{"start":{"line":78,"column":2},"end":{"line":80,"column":3}},"type":"if","locations":[{"start":{"line":78,"column":2},"end":{"line":80,"column":3}},{"start":{},"end":{}}]},"4":{"loc":{"start":{"line":83,"column":2},"end":{"line":106,"column":3}},"type":"if","locations":[{"start":{"line":83,"column":2},"end":{"line":106,"column":3}},{"start":{},"end":{}}]},"5":{"loc":{"start":{"line":126,"column":7},"end":{"line":188,"column":null}},"type":"cond-expr","locations":[{"start":{"line":127,"column":8},"end":{"line":127,"column":33}},{"start":{"line":129,"column":8},"end":{"line":187,"column":null}}]},"6":{"loc":{"start":{"line":156,"column":11},"end":{"line":186,"column":null}},"type":"cond-expr","locations":[{"start":{"line":157,"column":12},"end":{"line":173,"column":null}},{"start":{"line":176,"column":12},"end":{"line":184,"column":null}}]},"7":{"loc":{"start":{"line":163,"column":33},"end":{"line":163,"column":68}},"type":"cond-expr","locations":[{"start":{"line":163,"column":47},"end":{"line":163,"column":56}},{"start":{"line":163,"column":59},"end":{"line":163,"column":68}}]},"8":{"loc":{"start":{"line":169,"column":24},"end":{"line":169,"column":63}},"type":"cond-expr","locations":[{"start":{"line":169,"column":38},"end":{"line":169,"column":51}},{"start":{"line":169,"column":54},"end":{"line":169,"column":63}}]},"9":{"loc":{"start":{"line":173,"column":15},"end":{"line":173,"column":85}},"type":"cond-expr","locations":[{"start":{"line":173,"column":29},"end":{"line":173,"column":44}},{"start":{"line":173,"column":47},"end":{"line":173,"column":85}}]}},"s":{"0":1,"1":1,"2":1,"3":1,"4":1,"5":1,"6":29,"7":58,"8":29,"9":58,"10":29,"11":29,"12":29,"13":29,"14":31,"15":29,"16":31,"17":29,"18":0,"19":0,"20":0,"21":0,"22":0,"23":0,"24":0,"25":0,"26":0,"27":0,"28":0,"29":0,"30":0,"31":0,"32":0,"33":0,"34":0,"35":0,"36":29,"37":0,"38":29,"39":0,"40":29,"41":31,"42":2,"43":1},"f":{"0":29,"1":58,"2":58,"3":31,"4":31,"5":0,"6":0,"7":0,"8":0,"9":31,"10":2},"b":{"0":[0,0],"1":[0,0],"2":[0,0],"3":[0,29],"4":[0,29],"5":[9,20],"6":[0,20],"7":[0,0],"8":[0,0],"9":[0,0]}}
,"/home/rs678/Projects/ecommerce-fakestore2/src/components/Auth/AuthProvider.tsx": {"path":"/home/rs678/Projects/ecommerce-fakestore2/src/components/Auth/AuthProvider.tsx","statementMap":{"0":{"start":{"line":11,"column":50},"end":{"line":24,"column":1}},"1":{"start":{"line":12,"column":19},"end":{"line":12,"column":32}},"2":{"start":{"line":14,"column":2},"end":{"line":21,"column":17}},"3":{"start":{"line":15,"column":24},"end":{"line":18,"column":6}},"4":{"start":{"line":16,"column":6},"end":{"line":16,"column":30}},"5":{"start":{"line":17,"column":6},"end":{"line":17,"column":34}},"6":{"start":{"line":20,"column":4},"end":{"line":20,"column":31}},"7":{"start":{"line":20,"column":17},"end":{"line":20,"column":30}},"8":{"start":{"line":23,"column":2},"end":{"line":23,"column":25}}},"fnMap":{"0":{"name":"(anonymous_0)","decl":{"start":{"line":11,"column":50},"end":{"line":11,"column":51}},"loc":{"start":{"line":11,"column":67},"end":{"line":24,"column":1}}},"1":{"name":"(anonymous_1)","decl":{"start":{"line":14,"column":12},"end":{"line":14,"column":15}},"loc":{"start":{"line":14,"column":17},"end":{"line":21,"column":3}}},"2":{"name":"(anonymous_2)","decl":{"start":{"line":15,"column":49},"end":{"line":15,"column":50}},"loc":{"start":{"line":15,"column":58},"end":{"line":18,"column":5}}},"3":{"name":"(anonymous_3)","decl":{"start":{"line":20,"column":11},"end":{"line":20,"column":14}},"loc":{"start":{"line":20,"column":17},"end":{"line":20,"column":30}}}},"branchMap":{},"s":{"0":0,"1":0,"2":0,"3":0,"4":0,"5":0,"6":0,"7":0,"8":0},"f":{"0":0,"1":0,"2":0,"3":0},"b":{}}
,"/home/rs678/Projects/ecommerce-fakestore2/src/components/Auth/LoginForm.tsx": {"path":"/home/rs678/Projects/ecommerce-fakestore2/src/components/Auth/LoginForm.tsx","statementMap":{"0":{"start":{"line":9,"column":28},"end":{"line":103,"column":1}},"1":{"start":{"line":10,"column":28},"end":{"line":10,"column":40}},"2":{"start":{"line":11,"column":34},"end":{"line":11,"column":46}},"3":{"start":{"line":12,"column":26},"end":{"line":12,"column":38}},"4":{"start":{"line":13,"column":34},"end":{"line":13,"column":49}},"5":{"start":{"line":14,"column":19},"end":{"line":14,"column":32}},"6":{"start":{"line":15,"column":29},"end":{"line":15,"column":74}},"7":{"start":{"line":15,"column":63},"end":{"line":15,"column":73}},"8":{"start":{"line":17,"column":23},"end":{"line":46,"column":3}},"9":{"start":{"line":18,"column":4},"end":{"line":18,"column":23}},"10":{"start":{"line":19,"column":4},"end":{"line":19,"column":31}},"11":{"start":{"line":20,"column":4},"end":{"line":20,"column":27}},"12":{"start":{"line":22,"column":4},"end":{"line":45,"column":5}},"13":{"start":{"line":23,"column":6},"end":{"line":41,"column":7}},"14":{"start":{"line":24,"column":31},"end":{"line":24,"column":90}},"15":{"start":{"line":26,"column":8},"end":{"line":29,"column":11}},"16":{"start":{"line":31,"column":8},"end":{"line":31,"column":21}},"17":{"start":{"line":32,"column":8},"end":{"line":32,"column":24}},"18":{"start":{"line":33,"column":8},"end":{"line":33,"column":20}},"19":{"start":{"line":36,"column":8},"end":{"line":36,"column":64}},"20":{"start":{"line":38,"column":8},"end":{"line":38,"column":21}},"21":{"start":{"line":39,"column":8},"end":{"line":39,"column":24}},"22":{"start":{"line":43,"column":6},"end":{"line":43,"column":95}},"23":{"start":{"line":44,"column":6},"end":{"line":44,"column":34}},"24":{"start":{"line":48,"column":2},"end":{"line":102,"column":4}},"25":{"start":{"line":61,"column":31},"end":{"line":61,"column":54}},"26":{"start":{"line":71,"column":29},"end":{"line":71,"column":53}},"27":{"start":{"line":81,"column":29},"end":{"line":81,"column":56}},"28":{"start":{"line":94,"column":27},"end":{"line":94,"column":49}}},"fnMap":{"0":{"name":"(anonymous_0)","decl":{"start":{"line":9,"column":28},"end":{"line":9,"column":31}},"loc":{"start":{"line":9,"column":33},"end":{"line":103,"column":1}}},"1":{"name":"(anonymous_1)","decl":{"start":{"line":15,"column":41},"end":{"line":15,"column":42}},"loc":{"start":{"line":15,"column":63},"end":{"line":15,"column":73}}},"2":{"name":"(anonymous_2)","decl":{"start":{"line":17,"column":23},"end":{"line":17,"column":28}},"loc":{"start":{"line":17,"column":52},"end":{"line":46,"column":3}}},"3":{"name":"(anonymous_3)","decl":{"start":{"line":61,"column":24},"end":{"line":61,"column":25}},"loc":{"start":{"line":61,"column":31},"end":{"line":61,"column":54}}},"4":{"name":"(anonymous_4)","decl":{"start":{"line":71,"column":22},"end":{"line":71,"column":23}},"loc":{"start":{"line":71,"column":29},"end":{"line":71,"column":53}}},"5":{"name":"(anonymous_5)","decl":{"start":{"line":81,"column":22},"end":{"line":81,"column":23}},"loc":{"start":{"line":81,"column":29},"end":{"line":81,"column":56}}},"6":{"name":"(anonymous_6)","decl":{"start":{"line":94,"column":21},"end":{"line":94,"column":24}},"loc":{"start":{"line":94,"column":27},"end":{"line":94,"column":49}}}},"branchMap":{"0":{"loc":{"start":{"line":23,"column":6},"end":{"line":41,"column":7}},"type":"if","locations":[{"start":{"line":23,"column":6},"end":{"line":41,"column":7}},{"start":{"line":35,"column":13},"end":{"line":41,"column":7}}]},"1":{"loc":{"start":{"line":28,"column":16},"end":{"line":28,"column":43}},"type":"binary-expr","locations":[{"start":{"line":28,"column":16},"end":{"line":28,"column":20}},{"start":{"line":28,"column":24},"end":{"line":28,"column":43}}]},"2":{"loc":{"start":{"line":43,"column":24},"end":{"line":43,"column":92}},"type":"cond-expr","locations":[{"start":{"line":43,"column":49},"end":{"line":43,"column":62}},{"start":{"line":43,"column":65},"end":{"line":43,"column":92}}]},"3":{"loc":{"start":{"line":51,"column":13},"end":{"line":51,"column":43}},"type":"cond-expr","locations":[{"start":{"line":51,"column":24},"end":{"line":51,"column":33}},{"start":{"line":51,"column":36},"end":{"line":51,"column":43}}]},"4":{"loc":{"start":{"line":53,"column":9},"end":{"line":53,"column":62}},"type":"binary-expr","locations":[{"start":{"line":53,"column":9},"end":{"line":53,"column":14}},{"start":{"line":53,"column":18},"end":{"line":53,"column":62}}]},"5":{"loc":{"start":{"line":55,"column":9},"end":{"line":63,"column":null}},"type":"binary-expr","locations":[{"start":{"line":55,"column":9},"end":{"line":55,"column":17}},{"start":{"line":56,"column":10},"end":{"line":62,"column":null}}]},"6":{"loc":{"start":{"line":87,"column":11},"end":{"line":87,"column":72}},"type":"cond-expr","locations":[{"start":{"line":87,"column":21},"end":{"line":87,"column":37}},{"start":{"line":87,"column":41},"end":{"line":87,"column":71}}]},"7":{"loc":{"start":{"line":87,"column":41},"end":{"line":87,"column":71}},"type":"cond-expr","locations":[{"start":{"line":87,"column":52},"end":{"line":87,"column":61}},{"start":{"line":87,"column":64},"end":{"line":87,"column":71}}]},"8":{"loc":{"start":{"line":91,"column":11},"end":{"line":91,"column":75}},"type":"cond-expr","locations":[{"start":{"line":91,"column":22},"end":{"line":91,"column":48}},{"start":{"line":91,"column":51},"end":{"line":91,"column":75}}]},"9":{"loc":{"start":{"line":97,"column":13},"end":{"line":97,"column":43}},"type":"cond-expr","locations":[{"start":{"line":97,"column":24},"end":{"line":97,"column":31}},{"start":{"line":97,"column":34},"end":{"line":97,"column":43}}]}},"s":{"0":0,"1":0,"2":0,"3":0,"4":0,"5":0,"6":0,"7":0,"8":0,"9":0,"10":0,"11":0,"12":0,"13":0,"14":0,"15":0,"16":0,"17":0,"18":0,"19":0,"20":0,"21":0,"22":0,"23":0,"24":0,"25":0,"26":0,"27":0,"28":0},"f":{"0":0,"1":0,"2":0,"3":0,"4":0,"5":0,"6":0},"b":{"0":[0,0],"1":[0,0],"2":[0,0],"3":[0,0],"4":[0,0],"5":[0,0],"6":[0,0],"7":[0,0],"8":[0,0],"9":[0,0]}}
,"/home/rs678/Projects/ecommerce-fakestore2/src/components/Auth/UserProfile.tsx": {"path":"/home/rs678/Projects/ecommerce-fakestore2/src/components/Auth/UserProfile.tsx","statementMap":{"0":{"start":{"line":7,"column":30},"end":{"line":32,"column":1}},"1":{"start":{"line":8,"column":19},"end":{"line":8,"column":64}},"2":{"start":{"line":8,"column":53},"end":{"line":8,"column":63}},"3":{"start":{"line":10,"column":24},"end":{"line":16,"column":3}},"4":{"start":{"line":11,"column":4},"end":{"line":15,"column":5}},"5":{"start":{"line":12,"column":6},"end":{"line":12,"column":26}},"6":{"start":{"line":14,"column":6},"end":{"line":14,"column":49}},"7":{"start":{"line":18,"column":2},"end":{"line":20,"column":3}},"8":{"start":{"line":19,"column":4},"end":{"line":19,"column":16}},"9":{"start":{"line":22,"column":2},"end":{"line":31,"column":4}}},"fnMap":{"0":{"name":"(anonymous_0)","decl":{"start":{"line":7,"column":30},"end":{"line":7,"column":33}},"loc":{"start":{"line":7,"column":35},"end":{"line":32,"column":1}}},"1":{"name":"(anonymous_1)","decl":{"start":{"line":8,"column":31},"end":{"line":8,"column":32}},"loc":{"start":{"line":8,"column":53},"end":{"line":8,"column":63}}},"2":{"name":"(anonymous_2)","decl":{"start":{"line":10,"column":24},"end":{"line":10,"column":29}},"loc":{"start":{"line":10,"column":35},"end":{"line":16,"column":3}}}},"branchMap":{"0":{"loc":{"start":{"line":18,"column":2},"end":{"line":20,"column":3}},"type":"if","locations":[{"start":{"line":18,"column":2},"end":{"line":20,"column":3}},{"start":{},"end":{}}]}},"s":{"0":0,"1":0,"2":0,"3":0,"4":0,"5":0,"6":0,"7":0,"8":0,"9":0},"f":{"0":0,"1":0,"2":0},"b":{"0":[0,0]}}
,"/home/rs678/Projects/ecommerce-fakestore2/src/components/Orders/OrderDetails.tsx": {"path":"/home/rs678/Projects/ecommerce-fakestore2/src/components/Orders/OrderDetails.tsx","statementMap":{"0":{"start":{"line":9,"column":50},"end":{"line":138,"column":1}},"1":{"start":{"line":10,"column":21},"end":{"line":18,"column":3}},"2":{"start":{"line":11,"column":4},"end":{"line":17,"column":20}},"3":{"start":{"line":20,"column":25},"end":{"line":33,"column":3}},"4":{"start":{"line":21,"column":4},"end":{"line":32,"column":5}},"5":{"start":{"line":23,"column":8},"end":{"line":23,"column":25}},"6":{"start":{"line":25,"column":8},"end":{"line":25,"column":25}},"7":{"start":{"line":27,"column":8},"end":{"line":27,"column":25}},"8":{"start":{"line":29,"column":8},"end":{"line":29,"column":25}},"9":{"start":{"line":31,"column":8},"end":{"line":31,"column":25}},"10":{"start":{"line":35,"column":2},"end":{"line":137,"column":4}},"11":{"start":{"line":75,"column":16},"end":{"line":75,"column":33}},"12":{"start":{"line":81,"column":25},"end":{"line":81,"column":101}}},"fnMap":{"0":{"name":"(anonymous_0)","decl":{"start":{"line":9,"column":50},"end":{"line":9,"column":51}},"loc":{"start":{"line":9,"column":73},"end":{"line":138,"column":1}}},"1":{"name":"(anonymous_1)","decl":{"start":{"line":10,"column":21},"end":{"line":10,"column":22}},"loc":{"start":{"line":10,"column":36},"end":{"line":18,"column":3}}},"2":{"name":"(anonymous_2)","decl":{"start":{"line":20,"column":25},"end":{"line":20,"column":26}},"loc":{"start":{"line":20,"column":44},"end":{"line":33,"column":3}}},"3":{"name":"(anonymous_3)","decl":{"start":{"line":74,"column":31},"end":{"line":74,"column":32}},"loc":{"start":{"line":75,"column":16},"end":{"line":75,"column":33}}},"4":{"name":"(anonymous_4)","decl":{"start":{"line":80,"column":31},"end":{"line":80,"column":32}},"loc":{"start":{"line":80,"column":37},"end":{"line":82,"column":23}}}},"branchMap":{"0":{"loc":{"start":{"line":21,"column":4},"end":{"line":32,"column":5}},"type":"switch","locations":[{"start":{"line":22,"column":6},"end":{"line":23,"column":25}},{"start":{"line":24,"column":6},"end":{"line":25,"column":25}},{"start":{"line":26,"column":6},"end":{"line":27,"column":25}},{"start":{"line":28,"column":6},"end":{"line":29,"column":25}},{"start":{"line":30,"column":6},"end":{"line":31,"column":25}}]},"1":{"loc":{"start":{"line":90,"column":23},"end":{"line":92,"column":50}},"type":"cond-expr","locations":[{"start":{"line":91,"column":26},"end":{"line":91,"column":76}},{"start":{"line":92,"column":26},"end":{"line":92,"column":50}}]}},"s":{"0":0,"1":0,"2":0,"3":0,"4":0,"5":0,"6":0,"7":0,"8":0,"9":0,"10":0,"11":0,"12":0},"f":{"0":0,"1":0,"2":0,"3":0,"4":0},"b":{"0":[0,0,0,0,0],"1":[0,0]}}
,"/home/rs678/Projects/ecommerce-fakestore2/src/components/Orders/OrderHistory.tsx": {"path":"/home/rs678/Projects/ecommerce-fakestore2/src/components/Orders/OrderHistory.tsx","statementMap":{"0":{"start":{"line":8,"column":31},"end":{"line":149,"column":1}},"1":{"start":{"line":9,"column":19},"end":{"line":9,"column":64}},"2":{"start":{"line":9,"column":53},"end":{"line":9,"column":63}},"3":{"start":{"line":10,"column":30},"end":{"line":10,"column":51}},"4":{"start":{"line":11,"column":32},"end":{"line":11,"column":46}},"5":{"start":{"line":12,"column":28},"end":{"line":12,"column":57}},"6":{"start":{"line":13,"column":44},"end":{"line":13,"column":72}},"7":{"start":{"line":15,"column":2},"end":{"line":31,"column":13}},"8":{"start":{"line":16,"column":24},"end":{"line":28,"column":5}},"9":{"start":{"line":17,"column":6},"end":{"line":17,"column":24}},"10":{"start":{"line":17,"column":17},"end":{"line":17,"column":24}},"11":{"start":{"line":19,"column":6},"end":{"line":27,"column":7}},"12":{"start":{"line":20,"column":8},"end":{"line":20,"column":23}},"13":{"start":{"line":21,"column":27},"end":{"line":21,"column":56}},"14":{"start":{"line":22,"column":8},"end":{"line":22,"column":30}},"15":{"start":{"line":24,"column":8},"end":{"line":24,"column":79}},"16":{"start":{"line":26,"column":8},"end":{"line":26,"column":26}},"17":{"start":{"line":30,"column":4},"end":{"line":30,"column":18}},"18":{"start":{"line":33,"column":21},"end":{"line":41,"column":3}},"19":{"start":{"line":34,"column":4},"end":{"line":40,"column":20}},"20":{"start":{"line":43,"column":25},"end":{"line":56,"column":3}},"21":{"start":{"line":44,"column":4},"end":{"line":55,"column":5}},"22":{"start":{"line":46,"column":8},"end":{"line":46,"column":25}},"23":{"start":{"line":48,"column":8},"end":{"line":48,"column":25}},"24":{"start":{"line":50,"column":8},"end":{"line":50,"column":25}},"25":{"start":{"line":52,"column":8},"end":{"line":52,"column":25}},"26":{"start":{"line":54,"column":8},"end":{"line":54,"column":25}},"27":{"start":{"line":58,"column":2},"end":{"line":66,"column":3}},"28":{"start":{"line":59,"column":4},"end":{"line":65,"column":6}},"29":{"start":{"line":68,"column":2},"end":{"line":74,"column":3}},"30":{"start":{"line":69,"column":4},"end":{"line":73,"column":6}},"31":{"start":{"line":76,"column":2},"end":{"line":148,"column":4}},"32":{"start":{"line":93,"column":12},"end":{"line":93,"column":32}},"33":{"start":{"line":114,"column":22},"end":{"line":114,"column":40}},"34":{"start":{"line":130,"column":33},"end":{"line":130,"column":56}},"35":{"start":{"line":144,"column":25},"end":{"line":144,"column":47}}},"fnMap":{"0":{"name":"(anonymous_0)","decl":{"start":{"line":8,"column":31},"end":{"line":8,"column":34}},"loc":{"start":{"line":8,"column":36},"end":{"line":149,"column":1}}},"1":{"name":"(anonymous_1)","decl":{"start":{"line":9,"column":31},"end":{"line":9,"column":32}},"loc":{"start":{"line":9,"column":53},"end":{"line":9,"column":63}}},"2":{"name":"(anonymous_2)","decl":{"start":{"line":15,"column":12},"end":{"line":15,"column":15}},"loc":{"start":{"line":15,"column":17},"end":{"line":31,"column":3}}},"3":{"name":"(anonymous_3)","decl":{"start":{"line":16,"column":24},"end":{"line":16,"column":29}},"loc":{"start":{"line":16,"column":35},"end":{"line":28,"column":5}}},"4":{"name":"(anonymous_4)","decl":{"start":{"line":33,"column":21},"end":{"line":33,"column":22}},"loc":{"start":{"line":33,"column":36},"end":{"line":41,"column":3}}},"5":{"name":"(anonymous_5)","decl":{"start":{"line":43,"column":25},"end":{"line":43,"column":26}},"loc":{"start":{"line":43,"column":44},"end":{"line":56,"column":3}}},"6":{"name":"(anonymous_6)","decl":{"start":{"line":92,"column":22},"end":{"line":92,"column":23}},"loc":{"start":{"line":93,"column":12},"end":{"line":93,"column":32}}},"7":{"name":"(anonymous_7)","decl":{"start":{"line":113,"column":49},"end":{"line":113,"column":50}},"loc":{"start":{"line":114,"column":22},"end":{"line":114,"column":40}}},"8":{"name":"(anonymous_8)","decl":{"start":{"line":130,"column":27},"end":{"line":130,"column":30}},"loc":{"start":{"line":130,"column":33},"end":{"line":130,"column":56}}},"9":{"name":"(anonymous_9)","decl":{"start":{"line":144,"column":19},"end":{"line":144,"column":22}},"loc":{"start":{"line":144,"column":25},"end":{"line":144,"column":47}}}},"branchMap":{"0":{"loc":{"start":{"line":17,"column":6},"end":{"line":17,"column":24}},"type":"if","locations":[{"start":{"line":17,"column":6},"end":{"line":17,"column":24}},{"start":{},"end":{}}]},"1":{"loc":{"start":{"line":24,"column":17},"end":{"line":24,"column":77}},"type":"cond-expr","locations":[{"start":{"line":24,"column":40},"end":{"line":24,"column":51}},{"start":{"line":24,"column":54},"end":{"line":24,"column":77}}]},"2":{"loc":{"start":{"line":44,"column":4},"end":{"line":55,"column":5}},"type":"switch","locations":[{"start":{"line":45,"column":6},"end":{"line":46,"column":25}},{"start":{"line":47,"column":6},"end":{"line":48,"column":25}},{"start":{"line":49,"column":6},"end":{"line":50,"column":25}},{"start":{"line":51,"column":6},"end":{"line":52,"column":25}},{"start":{"line":53,"column":6},"end":{"line":54,"column":25}}]},"3":{"loc":{"start":{"line":58,"column":2},"end":{"line":66,"column":3}},"type":"if","locations":[{"start":{"line":58,"column":2},"end":{"line":66,"column":3}},{"start":{},"end":{}}]},"4":{"loc":{"start":{"line":68,"column":2},"end":{"line":74,"column":3}},"type":"if","locations":[{"start":{"line":68,"column":2},"end":{"line":74,"column":3}},{"start":{},"end":{}}]},"5":{"loc":{"start":{"line":83,"column":7},"end":{"line":83,"column":60}},"type":"binary-expr","locations":[{"start":{"line":83,"column":7},"end":{"line":83,"column":12}},{"start":{"line":83,"column":16},"end":{"line":83,"column":60}}]},"6":{"loc":{"start":{"line":85,"column":7},"end":{"line":138,"column":null}},"type":"cond-expr","locations":[{"start":{"line":86,"column":8},"end":{"line":88,"column":null}},{"start":{"line":91,"column":8},"end":{"line":137,"column":null}}]},"7":{"loc":{"start":{"line":111,"column":47},"end":{"line":111,"column":82}},"type":"cond-expr","locations":[{"start":{"line":111,"column":74},"end":{"line":111,"column":77}},{"start":{"line":111,"column":80},"end":{"line":111,"column":82}}]},"8":{"loc":{"start":{"line":116,"column":25},"end":{"line":116,"column":76}},"type":"binary-expr","locations":[{"start":{"line":116,"column":25},"end":{"line":116,"column":68}},{"start":{"line":116,"column":72},"end":{"line":116,"column":76}}]},"9":{"loc":{"start":{"line":119,"column":21},"end":{"line":119,"column":113}},"type":"binary-expr","locations":[{"start":{"line":119,"column":21},"end":{"line":119,"column":43}},{"start":{"line":119,"column":47},"end":{"line":119,"column":113}}]},"10":{"loc":{"start":{"line":141,"column":7},"end":{"line":145,"column":null}},"type":"binary-expr","locations":[{"start":{"line":141,"column":7},"end":{"line":141,"column":20}},{"start":{"line":142,"column":8},"end":{"line":144,"column":null}}]}},"s":{"0":0,"1":0,"2":0,"3":0,"4":0,"5":0,"6":0,"7":0,"8":0,"9":0,"10":0,"11":0,"12":0,"13":0,"14":0,"15":0,"16":0,"17":0,"18":0,"19":0,"20":0,"21":0,"22":0,"23":0,"24":0,"25":0,"26":0,"27":0,"28":0,"29":0,"30":0,"31":0,"32":0,"33":0,"34":0,"35":0},"f":{"0":0,"1":0,"2":0,"3":0,"4":0,"5":0,"6":0,"7":0,"8":0,"9":0},"b":{"0":[0,0],"1":[0,0],"2":[0,0,0,0,0],"3":[0,0],"4":[0,0],"5":[0,0],"6":[0,0],"7":[0,0],"8":[0,0],"9":[0,0],"10":[0,0]}}
,"/home/rs678/Projects/ecommerce-fakestore2/src/components/Products/ProductCard.tsx": {"path":"/home/rs678/Projects/ecommerce-fakestore2/src/components/Products/ProductCard.tsx","statementMap":{"0":{"start":{"line":2,"column":0},"end":{"line":2,"column":42}},"1":{"start":{"line":3,"column":0},"end":{"line":3,"column":58}},"2":{"start":{"line":12,"column":48},"end":{"line":77,"column":1}},"3":{"start":{"line":13,"column":19},"end":{"line":13,"column":32}},"4":{"start":{"line":15,"column":26},"end":{"line":26,"column":3}},"5":{"start":{"line":17,"column":4},"end":{"line":25,"column":8}},"6":{"start":{"line":28,"column":2},"end":{"line":76,"column":4}},"7":{"start":{"line":79,"column":0},"end":{"line":79,"column":27}}},"fnMap":{"0":{"name":"(anonymous_0)","decl":{"start":{"line":12,"column":48},"end":{"line":12,"column":49}},"loc":{"start":{"line":12,"column":82},"end":{"line":77,"column":1}}},"1":{"name":"(anonymous_1)","decl":{"start":{"line":15,"column":26},"end":{"line":15,"column":29}},"loc":{"start":{"line":15,"column":31},"end":{"line":26,"column":3}}}},"branchMap":{"0":{"loc":{"start":{"line":18,"column":10},"end":{"line":18,"column":47}},"type":"binary-expr","locations":[{"start":{"line":18,"column":10},"end":{"line":18,"column":30}},{"start":{"line":18,"column":34},"end":{"line":18,"column":47}}]},"1":{"loc":{"start":{"line":38,"column":11},"end":{"line":40,"column":33}},"type":"cond-expr","locations":[{"start":{"line":39,"column":14},"end":{"line":39,"column":59}},{"start":{"line":40,"column":14},"end":{"line":40,"column":33}}]},"2":{"loc":{"start":{"line":62,"column":11},"end":{"line":65,"column":null}},"type":"binary-expr","locations":[{"start":{"line":62,"column":11},"end":{"line":62,"column":17}},{"start":{"line":63,"column":12},"end":{"line":63,"column":null}}]},"3":{"loc":{"start":{"line":68,"column":11},"end":{"line":71,"column":null}},"type":"binary-expr","locations":[{"start":{"line":68,"column":11},"end":{"line":68,"column":19}},{"start":{"line":69,"column":12},"end":{"line":69,"column":null}}]}},"s":{"0":2,"1":2,"2":2,"3":41,"4":41,"5":21,"6":41,"7":2},"f":{"0":41,"1":21},"b":{"0":[21,1],"1":[13,28],"2":[41,2],"3":[41,2]}}
,"/home/rs678/Projects/ecommerce-fakestore2/src/components/Products/ProductForm.tsx": {"path":"/home/rs678/Projects/ecommerce-fakestore2/src/components/Products/ProductForm.tsx","statementMap":{"0":{"start":{"line":11,"column":48},"end":{"line":159,"column":1}},"1":{"start":{"line":12,"column":34},"end":{"line":22,"column":4}},"2":{"start":{"line":23,"column":32},"end":{"line":23,"column":47}},"3":{"start":{"line":24,"column":28},"end":{"line":24,"column":57}},"4":{"start":{"line":26,"column":28},"end":{"line":44,"column":3}},"5":{"start":{"line":27,"column":28},"end":{"line":27,"column":36}},"6":{"start":{"line":29,"column":4},"end":{"line":43,"column":5}},"7":{"start":{"line":30,"column":26},"end":{"line":30,"column":44}},"8":{"start":{"line":31,"column":6},"end":{"line":37,"column":9}},"9":{"start":{"line":39,"column":6},"end":{"line":42,"column":9}},"10":{"start":{"line":46,"column":23},"end":{"line":68,"column":3}},"11":{"start":{"line":47,"column":4},"end":{"line":47,"column":23}},"12":{"start":{"line":48,"column":4},"end":{"line":48,"column":58}},"13":{"start":{"line":49,"column":4},"end":{"line":49,"column":21}},"14":{"start":{"line":50,"column":4},"end":{"line":50,"column":19}},"15":{"start":{"line":52,"column":4},"end":{"line":67,"column":5}},"16":{"start":{"line":53,"column":6},"end":{"line":59,"column":7}},"17":{"start":{"line":54,"column":8},"end":{"line":54,"column":55}},"18":{"start":{"line":55,"column":8},"end":{"line":55,"column":50}},"19":{"start":{"line":57,"column":8},"end":{"line":57,"column":49}},"20":{"start":{"line":58,"column":8},"end":{"line":58,"column":38}},"21":{"start":{"line":60,"column":6},"end":{"line":60,"column":52}},"22":{"start":{"line":61,"column":6},"end":{"line":61,"column":15}},"23":{"start":{"line":63,"column":6},"end":{"line":63,"column":56}},"24":{"start":{"line":64,"column":6},"end":{"line":64,"column":80}},"25":{"start":{"line":66,"column":6},"end":{"line":66,"column":24}},"26":{"start":{"line":70,"column":21},"end":{"line":79,"column":4}},"27":{"start":{"line":81,"column":2},"end":{"line":158,"column":4}},"28":{"start":{"line":124,"column":18},"end":{"line":124,"column":36}}},"fnMap":{"0":{"name":"(anonymous_0)","decl":{"start":{"line":11,"column":48},"end":{"line":11,"column":49}},"loc":{"start":{"line":11,"column":82},"end":{"line":159,"column":1}}},"1":{"name":"(anonymous_1)","decl":{"start":{"line":26,"column":28},"end":{"line":26,"column":29}},"loc":{"start":{"line":26,"column":113},"end":{"line":44,"column":3}}},"2":{"name":"(anonymous_2)","decl":{"start":{"line":46,"column":23},"end":{"line":46,"column":28}},"loc":{"start":{"line":46,"column":52},"end":{"line":68,"column":3}}},"3":{"name":"(anonymous_3)","decl":{"start":{"line":123,"column":32},"end":{"line":123,"column":33}},"loc":{"start":{"line":124,"column":18},"end":{"line":124,"column":36}}}},"branchMap":{"0":{"loc":{"start":{"line":13,"column":11},"end":{"line":13,"column":31}},"type":"binary-expr","locations":[{"start":{"line":13,"column":11},"end":{"line":13,"column":25}},{"start":{"line":13,"column":29},"end":{"line":13,"column":31}}]},"1":{"loc":{"start":{"line":14,"column":17},"end":{"line":14,"column":74}},"type":"binary-expr","locations":[{"start":{"line":14,"column":17},"end":{"line":14,"column":37}},{"start":{"line":14,"column":41},"end":{"line":14,"column":74}}]},"2":{"loc":{"start":{"line":15,"column":11},"end":{"line":15,"column":34}},"type":"binary-expr","locations":[{"start":{"line":15,"column":11},"end":{"line":15,"column":25}},{"start":{"line":15,"column":29},"end":{"line":15,"column":34}}]},"3":{"loc":{"start":{"line":16,"column":14},"end":{"line":16,"column":48}},"type":"binary-expr","locations":[{"start":{"line":16,"column":14},"end":{"line":16,"column":31}},{"start":{"line":16,"column":35},"end":{"line":16,"column":48}}]},"4":{"loc":{"start":{"line":17,"column":11},"end":{"line":17,"column":112}},"type":"binary-expr","locations":[{"start":{"line":17,"column":11},"end":{"line":17,"column":25}},{"start":{"line":17,"column":29},"end":{"line":17,"column":112}}]},"5":{"loc":{"start":{"line":19,"column":12},"end":{"line":19,"column":40}},"type":"binary-expr","locations":[{"start":{"line":19,"column":12},"end":{"line":19,"column":33}},{"start":{"line":19,"column":37},"end":{"line":19,"column":40}}]},"6":{"loc":{"start":{"line":20,"column":13},"end":{"line":20,"column":42}},"type":"binary-expr","locations":[{"start":{"line":20,"column":13},"end":{"line":20,"column":35}},{"start":{"line":20,"column":39},"end":{"line":20,"column":42}}]},"7":{"loc":{"start":{"line":29,"column":4},"end":{"line":43,"column":5}},"type":"if","locations":[{"start":{"line":29,"column":4},"end":{"line":43,"column":5}},{"start":{"line":38,"column":11},"end":{"line":43,"column":5}}]},"8":{"loc":{"start":{"line":35,"column":25},"end":{"line":35,"column":47}},"type":"binary-expr","locations":[{"start":{"line":35,"column":25},"end":{"line":35,"column":42}},{"start":{"line":35,"column":46},"end":{"line":35,"column":47}}]},"9":{"loc":{"start":{"line":41,"column":16},"end":{"line":41,"column":65}},"type":"cond-expr","locations":[{"start":{"line":41,"column":35},"end":{"line":41,"column":57}},{"start":{"line":41,"column":60},"end":{"line":41,"column":65}}]},"10":{"loc":{"start":{"line":41,"column":35},"end":{"line":41,"column":57}},"type":"binary-expr","locations":[{"start":{"line":41,"column":35},"end":{"line":41,"column":52}},{"start":{"line":41,"column":56},"end":{"line":41,"column":57}}]},"11":{"loc":{"start":{"line":53,"column":6},"end":{"line":59,"column":7}},"type":"if","locations":[{"start":{"line":53,"column":6},"end":{"line":59,"column":7}},{"start":{"line":56,"column":13},"end":{"line":59,"column":7}}]},"12":{"loc":{"start":{"line":64,"column":15},"end":{"line":64,"column":78}},"type":"cond-expr","locations":[{"start":{"line":64,"column":38},"end":{"line":64,"column":49}},{"start":{"line":64,"column":52},"end":{"line":64,"column":78}}]},"13":{"loc":{"start":{"line":84,"column":13},"end":{"line":84,"column":57}},"type":"cond-expr","locations":[{"start":{"line":84,"column":23},"end":{"line":84,"column":37}},{"start":{"line":84,"column":40},"end":{"line":84,"column":57}}]},"14":{"loc":{"start":{"line":86,"column":9},"end":{"line":86,"column":62}},"type":"binary-expr","locations":[{"start":{"line":86,"column":9},"end":{"line":86,"column":14}},{"start":{"line":86,"column":18},"end":{"line":86,"column":62}}]},"15":{"loc":{"start":{"line":149,"column":15},"end":{"line":149,"column":83}},"type":"cond-expr","locations":[{"start":{"line":149,"column":25},"end":{"line":149,"column":36}},{"start":{"line":149,"column":40},"end":{"line":149,"column":82}}]},"16":{"loc":{"start":{"line":149,"column":40},"end":{"line":149,"column":82}},"type":"cond-expr","locations":[{"start":{"line":149,"column":50},"end":{"line":149,"column":66}},{"start":{"line":149,"column":69},"end":{"line":149,"column":82}}]}},"s":{"0":0,"1":0,"2":0,"3":0,"4":0,"5":0,"6":0,"7":0,"8":0,"9":0,"10":0,"11":0,"12":0,"13":0,"14":0,"15":0,"16":0,"17":0,"18":0,"19":0,"20":0,"21":0,"22":0,"23":0,"24":0,"25":0,"26":0,"27":0,"28":0},"f":{"0":0,"1":0,"2":0,"3":0},"b":{"0":[0,0],"1":[0,0],"2":[0,0],"3":[0,0],"4":[0,0],"5":[0,0],"6":[0,0],"7":[0,0],"8":[0,0],"9":[0,0],"10":[0,0],"11":[0,0],"12":[0,0],"13":[0,0],"14":[0,0],"15":[0,0],"16":[0,0]}}
,"/home/rs678/Projects/ecommerce-fakestore2/src/components/Products/ProductList.tsx": {"path":"/home/rs678/Projects/ecommerce-fakestore2/src/components/Products/ProductList.tsx","statementMap":{"0":{"start":{"line":9,"column":30},"end":{"line":161,"column":1}},"1":{"start":{"line":10,"column":19},"end":{"line":10,"column":64}},"2":{"start":{"line":10,"column":53},"end":{"line":10,"column":63}},"3":{"start":{"line":11,"column":34},"end":{"line":11,"column":57}},"4":{"start":{"line":12,"column":32},"end":{"line":12,"column":46}},"5":{"start":{"line":13,"column":28},"end":{"line":13,"column":57}},"6":{"start":{"line":14,"column":34},"end":{"line":14,"column":49}},"7":{"start":{"line":15,"column":46},"end":{"line":15,"column":76}},"8":{"start":{"line":16,"column":38},"end":{"line":16,"column":50}},"9":{"start":{"line":17,"column":46},"end":{"line":17,"column":58}},"10":{"start":{"line":19,"column":24},"end":{"line":34,"column":12}},"11":{"start":{"line":20,"column":4},"end":{"line":23,"column":5}},"12":{"start":{"line":21,"column":6},"end":{"line":21,"column":24}},"13":{"start":{"line":22,"column":6},"end":{"line":22,"column":13}},"14":{"start":{"line":25,"column":4},"end":{"line":33,"column":5}},"15":{"start":{"line":26,"column":6},"end":{"line":26,"column":21}},"16":{"start":{"line":27,"column":27},"end":{"line":27,"column":46}},"17":{"start":{"line":28,"column":6},"end":{"line":28,"column":32}},"18":{"start":{"line":30,"column":6},"end":{"line":30,"column":79}},"19":{"start":{"line":32,"column":6},"end":{"line":32,"column":24}},"20":{"start":{"line":36,"column":2},"end":{"line":38,"column":28}},"21":{"start":{"line":37,"column":4},"end":{"line":37,"column":20}},"22":{"start":{"line":40,"column":23},"end":{"line":51,"column":3}},"23":{"start":{"line":41,"column":4},"end":{"line":43,"column":5}},"24":{"start":{"line":42,"column":6},"end":{"line":42,"column":13}},"25":{"start":{"line":45,"column":4},"end":{"line":50,"column":5}},"26":{"start":{"line":46,"column":6},"end":{"line":46,"column":37}},"27":{"start":{"line":47,"column":6},"end":{"line":47,"column":60}},"28":{"start":{"line":47,"column":39},"end":{"line":47,"column":57}},"29":{"start":{"line":49,"column":6},"end":{"line":49,"column":80}},"30":{"start":{"line":53,"column":21},"end":{"line":56,"column":3}},"31":{"start":{"line":54,"column":4},"end":{"line":54,"column":31}},"32":{"start":{"line":55,"column":4},"end":{"line":55,"column":22}},"33":{"start":{"line":58,"column":25},"end":{"line":62,"column":3}},"34":{"start":{"line":59,"column":4},"end":{"line":59,"column":23}},"35":{"start":{"line":60,"column":4},"end":{"line":60,"column":28}},"36":{"start":{"line":61,"column":4},"end":{"line":61,"column":26}},"37":{"start":{"line":64,"column":27},"end":{"line":67,"column":3}},"38":{"start":{"line":65,"column":4},"end":{"line":65,"column":23}},"39":{"start":{"line":66,"column":4},"end":{"line":66,"column":28}},"40":{"start":{"line":69,"column":27},"end":{"line":74,"column":4}},"41":{"start":{"line":70,"column":26},"end":{"line":71,"column":93}},"42":{"start":{"line":72,"column":28},"end":{"line":72,"column":82}},"43":{"start":{"line":73,"column":4},"end":{"line":73,"column":44}},"44":{"start":{"line":76,"column":21},"end":{"line":76,"column":71}},"45":{"start":{"line":76,"column":58},"end":{"line":76,"column":68}},"46":{"start":{"line":78,"column":2},"end":{"line":80,"column":3}},"47":{"start":{"line":79,"column":4},"end":{"line":79,"column":71}},"48":{"start":{"line":82,"column":2},"end":{"line":92,"column":3}},"49":{"start":{"line":83,"column":4},"end":{"line":91,"column":6}},"50":{"start":{"line":94,"column":2},"end":{"line":160,"column":4}},"51":{"start":{"line":100,"column":27},"end":{"line":100,"column":44}},"52":{"start":{"line":116,"column":29},"end":{"line":116,"column":58}},"53":{"start":{"line":123,"column":29},"end":{"line":123,"column":62}},"54":{"start":{"line":127,"column":14},"end":{"line":127,"column":37}},"55":{"start":{"line":137,"column":10},"end":{"line":138,"column":null}},"56":{"start":{"line":140,"column":33},"end":{"line":140,"column":52}},"57":{"start":{"line":141,"column":35},"end":{"line":141,"column":59}}},"fnMap":{"0":{"name":"(anonymous_0)","decl":{"start":{"line":9,"column":30},"end":{"line":9,"column":33}},"loc":{"start":{"line":9,"column":35},"end":{"line":161,"column":1}}},"1":{"name":"(anonymous_1)","decl":{"start":{"line":10,"column":31},"end":{"line":10,"column":32}},"loc":{"start":{"line":10,"column":53},"end":{"line":10,"column":63}}},"2":{"name":"(anonymous_2)","decl":{"start":{"line":19,"column":36},"end":{"line":19,"column":41}},"loc":{"start":{"line":19,"column":47},"end":{"line":34,"column":3}}},"3":{"name":"(anonymous_3)","decl":{"start":{"line":36,"column":12},"end":{"line":36,"column":15}},"loc":{"start":{"line":36,"column":17},"end":{"line":38,"column":3}}},"4":{"name":"(anonymous_4)","decl":{"start":{"line":40,"column":23},"end":{"line":40,"column":28}},"loc":{"start":{"line":40,"column":51},"end":{"line":51,"column":3}}},"5":{"name":"(anonymous_5)","decl":{"start":{"line":47,"column":34},"end":{"line":47,"column":35}},"loc":{"start":{"line":47,"column":39},"end":{"line":47,"column":57}}},"6":{"name":"(anonymous_6)","decl":{"start":{"line":53,"column":21},"end":{"line":53,"column":22}},"loc":{"start":{"line":53,"column":42},"end":{"line":56,"column":3}}},"7":{"name":"(anonymous_7)","decl":{"start":{"line":58,"column":25},"end":{"line":58,"column":30}},"loc":{"start":{"line":58,"column":36},"end":{"line":62,"column":3}}},"8":{"name":"(anonymous_8)","decl":{"start":{"line":64,"column":27},"end":{"line":64,"column":30}},"loc":{"start":{"line":64,"column":32},"end":{"line":67,"column":3}}},"9":{"name":"(anonymous_9)","decl":{"start":{"line":69,"column":43},"end":{"line":69,"column":50}},"loc":{"start":{"line":69,"column":53},"end":{"line":74,"column":3}}},"10":{"name":"(anonymous_10)","decl":{"start":{"line":76,"column":53},"end":{"line":76,"column":54}},"loc":{"start":{"line":76,"column":58},"end":{"line":76,"column":68}}},"11":{"name":"(anonymous_11)","decl":{"start":{"line":100,"column":21},"end":{"line":100,"column":24}},"loc":{"start":{"line":100,"column":27},"end":{"line":100,"column":44}}},"12":{"name":"(anonymous_12)","decl":{"start":{"line":116,"column":22},"end":{"line":116,"column":23}},"loc":{"start":{"line":116,"column":29},"end":{"line":116,"column":58}}},"13":{"name":"(anonymous_13)","decl":{"start":{"line":123,"column":22},"end":{"line":123,"column":23}},"loc":{"start":{"line":123,"column":29},"end":{"line":123,"column":62}}},"14":{"name":"(anonymous_14)","decl":{"start":{"line":126,"column":28},"end":{"line":126,"column":36}},"loc":{"start":{"line":127,"column":14},"end":{"line":127,"column":37}}},"15":{"name":"(anonymous_15)","decl":{"start":{"line":136,"column":30},"end":{"line":136,"column":37}},"loc":{"start":{"line":137,"column":10},"end":{"line":138,"column":null}}},"16":{"name":"(anonymous_16)","decl":{"start":{"line":140,"column":27},"end":{"line":140,"column":30}},"loc":{"start":{"line":140,"column":33},"end":{"line":140,"column":52}}},"17":{"name":"(anonymous_17)","decl":{"start":{"line":141,"column":29},"end":{"line":141,"column":32}},"loc":{"start":{"line":141,"column":35},"end":{"line":141,"column":59}}}},"branchMap":{"0":{"loc":{"start":{"line":20,"column":4},"end":{"line":23,"column":5}},"type":"if","locations":[{"start":{"line":20,"column":4},"end":{"line":23,"column":5}},{"start":{},"end":{}}]},"1":{"loc":{"start":{"line":30,"column":15},"end":{"line":30,"column":77}},"type":"cond-expr","locations":[{"start":{"line":30,"column":38},"end":{"line":30,"column":49}},{"start":{"line":30,"column":52},"end":{"line":30,"column":77}}]},"2":{"loc":{"start":{"line":41,"column":4},"end":{"line":43,"column":5}},"type":"if","locations":[{"start":{"line":41,"column":4},"end":{"line":43,"column":5}},{"start":{},"end":{}}]},"3":{"loc":{"start":{"line":49,"column":15},"end":{"line":49,"column":78}},"type":"cond-expr","locations":[{"start":{"line":49,"column":38},"end":{"line":49,"column":49}},{"start":{"line":49,"column":52},"end":{"line":49,"column":78}}]},"4":{"loc":{"start":{"line":70,"column":26},"end":{"line":71,"column":93}},"type":"binary-expr","locations":[{"start":{"line":70,"column":26},"end":{"line":70,"column":88}},{"start":{"line":71,"column":25},"end":{"line":71,"column":93}}]},"5":{"loc":{"start":{"line":72,"column":28},"end":{"line":72,"column":82}},"type":"binary-expr","locations":[{"start":{"line":72,"column":28},"end":{"line":72,"column":43}},{"start":{"line":72,"column":47},"end":{"line":72,"column":82}}]},"6":{"loc":{"start":{"line":73,"column":11},"end":{"line":73,"column":43}},"type":"binary-expr","locations":[{"start":{"line":73,"column":11},"end":{"line":73,"column":24}},{"start":{"line":73,"column":28},"end":{"line":73,"column":43}}]},"7":{"loc":{"start":{"line":78,"column":2},"end":{"line":80,"column":3}},"type":"if","locations":[{"start":{"line":78,"column":2},"end":{"line":80,"column":3}},{"start":{},"end":{}}]},"8":{"loc":{"start":{"line":82,"column":2},"end":{"line":92,"column":3}},"type":"if","locations":[{"start":{"line":82,"column":2},"end":{"line":92,"column":3}},{"start":{},"end":{}}]},"9":{"loc":{"start":{"line":98,"column":9},"end":{"line":104,"column":null}},"type":"binary-expr","locations":[{"start":{"line":98,"column":9},"end":{"line":98,"column":13}},{"start":{"line":99,"column":10},"end":{"line":101,"column":null}}]},"10":{"loc":{"start":{"line":108,"column":7},"end":{"line":108,"column":60}},"type":"binary-expr","locations":[{"start":{"line":108,"column":7},"end":{"line":108,"column":12}},{"start":{"line":108,"column":16},"end":{"line":108,"column":60}}]},"11":{"loc":{"start":{"line":140,"column":20},"end":{"line":140,"column":64}},"type":"cond-expr","locations":[{"start":{"line":140,"column":27},"end":{"line":140,"column":52}},{"start":{"line":140,"column":55},"end":{"line":140,"column":64}}]},"12":{"loc":{"start":{"line":141,"column":22},"end":{"line":141,"column":71}},"type":"cond-expr","locations":[{"start":{"line":141,"column":29},"end":{"line":141,"column":59}},{"start":{"line":141,"column":62},"end":{"line":141,"column":71}}]},"13":{"loc":{"start":{"line":146,"column":7},"end":{"line":149,"column":null}},"type":"binary-expr","locations":[{"start":{"line":146,"column":7},"end":{"line":146,"column":36}},{"start":{"line":147,"column":8},"end":{"line":148,"column":null}}]},"14":{"loc":{"start":{"line":148,"column":11},"end":{"line":148,"column":112}},"type":"cond-expr","locations":[{"start":{"line":148,"column":42},"end":{"line":148,"column":85}},{"start":{"line":148,"column":88},"end":{"line":148,"column":112}}]},"15":{"loc":{"start":{"line":148,"column":11},"end":{"line":148,"column":39}},"type":"binary-expr","locations":[{"start":{"line":148,"column":11},"end":{"line":148,"column":21}},{"start":{"line":148,"column":25},"end":{"line":148,"column":39}}]},"16":{"loc":{"start":{"line":152,"column":7},"end":{"line":157,"column":null}},"type":"binary-expr","locations":[{"start":{"line":152,"column":7},"end":{"line":152,"column":15}},{"start":{"line":153,"column":8},"end":{"line":156,"column":null}}]},"17":{"loc":{"start":{"line":154,"column":19},"end":{"line":154,"column":46}},"type":"binary-expr","locations":[{"start":{"line":154,"column":19},"end":{"line":154,"column":33}},{"start":{"line":154,"column":37},"end":{"line":154,"column":46}}]}},"s":{"0":0,"1":0,"2":0,"3":0,"4":0,"5":0,"6":0,"7":0,"8":0,"9":0,"10":0,"11":0,"12":0,"13":0,"14":0,"15":0,"16":0,"17":0,"18":0,"19":0,"20":0,"21":0,"22":0,"23":0,"24":0,"25":0,"26":0,"27":0,"28":0,"29":0,"30":0,"31":0,"32":0,"33":0,"34":0,"35":0,"36":0,"37":0,"38":0,"39":0,"40":0,"41":0,"42":0,"43":0,"44":0,"45":0,"46":0,"47":0,"48":0,"49":0,"50":0,"51":0,"52":0,"53":0,"54":0,"55":0,"56":0,"57":0},"f":{"0":0,"1":0,"2":0,"3":0,"4":0,"5":0,"6":0,"7":0,"8":0,"9":0,"10":0,"11":0,"12":0,"13":0,"14":0,"15":0,"16":0,"17":0},"b":{"0":[0,0],"1":[0,0],"2":[0,0],"3":[0,0],"4":[0,0],"5":[0,0],"6":[0,0],"7":[0,0],"8":[0,0],"9":[0,0],"10":[0,0],"11":[0,0],"12":[0,0],"13":[0,0],"14":[0,0],"15":[0,0],"16":[0,0],"17":[0,0]}}
,"/home/rs678/Projects/ecommerce-fakestore2/src/components/User/UserProfile.tsx": {"path":"/home/rs678/Projects/ecommerce-fakestore2/src/components/User/UserProfile.tsx","statementMap":{"0":{"start":{"line":8,"column":30},"end":{"line":184,"column":1}},"1":{"start":{"line":9,"column":29},"end":{"line":9,"column":74}},"2":{"start":{"line":9,"column":63},"end":{"line":9,"column":73}},"3":{"start":{"line":10,"column":26},"end":{"line":10,"column":53}},"4":{"start":{"line":11,"column":36},"end":{"line":11,"column":51}},"5":{"start":{"line":12,"column":34},"end":{"line":16,"column":4}},"6":{"start":{"line":17,"column":32},"end":{"line":17,"column":46}},"7":{"start":{"line":18,"column":28},"end":{"line":18,"column":57}},"8":{"start":{"line":20,"column":2},"end":{"line":42,"column":17}},"9":{"start":{"line":21,"column":22},"end":{"line":39,"column":5}},"10":{"start":{"line":22,"column":6},"end":{"line":22,"column":28}},"11":{"start":{"line":22,"column":21},"end":{"line":22,"column":28}},"12":{"start":{"line":24,"column":6},"end":{"line":38,"column":7}},"13":{"start":{"line":25,"column":25},"end":{"line":25,"column":52}},"14":{"start":{"line":26,"column":8},"end":{"line":33,"column":9}},"15":{"start":{"line":27,"column":10},"end":{"line":27,"column":28}},"16":{"start":{"line":28,"column":10},"end":{"line":32,"column":13}},"17":{"start":{"line":35,"column":8},"end":{"line":35,"column":82}},"18":{"start":{"line":37,"column":8},"end":{"line":37,"column":26}},"19":{"start":{"line":41,"column":4},"end":{"line":41,"column":16}},"20":{"start":{"line":44,"column":28},"end":{"line":49,"column":3}},"21":{"start":{"line":45,"column":4},"end":{"line":48,"column":7}},"22":{"start":{"line":51,"column":21},"end":{"line":71,"column":3}},"23":{"start":{"line":52,"column":4},"end":{"line":52,"column":26}},"24":{"start":{"line":52,"column":19},"end":{"line":52,"column":26}},"25":{"start":{"line":54,"column":4},"end":{"line":70,"column":5}},"26":{"start":{"line":55,"column":6},"end":{"line":55,"column":21}},"27":{"start":{"line":56,"column":6},"end":{"line":56,"column":47}},"28":{"start":{"line":59,"column":6},"end":{"line":65,"column":7}},"29":{"start":{"line":60,"column":8},"end":{"line":64,"column":11}},"30":{"start":{"line":67,"column":6},"end":{"line":67,"column":26}},"31":{"start":{"line":69,"column":6},"end":{"line":69,"column":80}},"32":{"start":{"line":73,"column":30},"end":{"line":85,"column":3}},"33":{"start":{"line":74,"column":4},"end":{"line":76,"column":5}},"34":{"start":{"line":75,"column":6},"end":{"line":75,"column":13}},"35":{"start":{"line":78,"column":4},"end":{"line":84,"column":5}},"36":{"start":{"line":79,"column":6},"end":{"line":79,"column":21}},"37":{"start":{"line":80,"column":6},"end":{"line":80,"column":37}},"38":{"start":{"line":81,"column":6},"end":{"line":81,"column":37}},"39":{"start":{"line":83,"column":6},"end":{"line":83,"column":80}},"40":{"start":{"line":87,"column":2},"end":{"line":89,"column":3}},"41":{"start":{"line":88,"column":4},"end":{"line":88,"column":69}},"42":{"start":{"line":91,"column":2},"end":{"line":93,"column":3}},"43":{"start":{"line":92,"column":4},"end":{"line":92,"column":63}},"44":{"start":{"line":95,"column":2},"end":{"line":183,"column":4}},"45":{"start":{"line":159,"column":18},"end":{"line":159,"column":38}},"46":{"start":{"line":160,"column":18},"end":{"line":164,"column":21}},"47":{"start":{"line":172,"column":35},"end":{"line":172,"column":53}}},"fnMap":{"0":{"name":"(anonymous_0)","decl":{"start":{"line":8,"column":30},"end":{"line":8,"column":33}},"loc":{"start":{"line":8,"column":35},"end":{"line":184,"column":1}}},"1":{"name":"(anonymous_1)","decl":{"start":{"line":9,"column":41},"end":{"line":9,"column":42}},"loc":{"start":{"line":9,"column":63},"end":{"line":9,"column":73}}},"2":{"name":"(anonymous_2)","decl":{"start":{"line":20,"column":12},"end":{"line":20,"column":15}},"loc":{"start":{"line":20,"column":17},"end":{"line":42,"column":3}}},"3":{"name":"(anonymous_3)","decl":{"start":{"line":21,"column":22},"end":{"line":21,"column":27}},"loc":{"start":{"line":21,"column":33},"end":{"line":39,"column":5}}},"4":{"name":"(anonymous_4)","decl":{"start":{"line":44,"column":28},"end":{"line":44,"column":29}},"loc":{"start":{"line":44,"column":93},"end":{"line":49,"column":3}}},"5":{"name":"(anonymous_5)","decl":{"start":{"line":51,"column":21},"end":{"line":51,"column":26}},"loc":{"start":{"line":51,"column":32},"end":{"line":71,"column":3}}},"6":{"name":"(anonymous_6)","decl":{"start":{"line":73,"column":30},"end":{"line":73,"column":35}},"loc":{"start":{"line":73,"column":41},"end":{"line":85,"column":3}}},"7":{"name":"(anonymous_7)","decl":{"start":{"line":158,"column":25},"end":{"line":158,"column":28}},"loc":{"start":{"line":158,"column":30},"end":{"line":165,"column":17}}},"8":{"name":"(anonymous_8)","decl":{"start":{"line":172,"column":29},"end":{"line":172,"column":32}},"loc":{"start":{"line":172,"column":35},"end":{"line":172,"column":53}}}},"branchMap":{"0":{"loc":{"start":{"line":22,"column":6},"end":{"line":22,"column":28}},"type":"if","locations":[{"start":{"line":22,"column":6},"end":{"line":22,"column":28}},{"start":{},"end":{}}]},"1":{"loc":{"start":{"line":26,"column":8},"end":{"line":33,"column":9}},"type":"if","locations":[{"start":{"line":26,"column":8},"end":{"line":33,"column":9}},{"start":{},"end":{}}]},"2":{"loc":{"start":{"line":30,"column":21},"end":{"line":30,"column":43}},"type":"binary-expr","locations":[{"start":{"line":30,"column":21},"end":{"line":30,"column":37}},{"start":{"line":30,"column":41},"end":{"line":30,"column":43}}]},"3":{"loc":{"start":{"line":31,"column":19},"end":{"line":31,"column":39}},"type":"binary-expr","locations":[{"start":{"line":31,"column":19},"end":{"line":31,"column":33}},{"start":{"line":31,"column":37},"end":{"line":31,"column":39}}]},"4":{"loc":{"start":{"line":35,"column":17},"end":{"line":35,"column":80}},"type":"cond-expr","locations":[{"start":{"line":35,"column":40},"end":{"line":35,"column":51}},{"start":{"line":35,"column":54},"end":{"line":35,"column":80}}]},"5":{"loc":{"start":{"line":52,"column":4},"end":{"line":52,"column":26}},"type":"if","locations":[{"start":{"line":52,"column":4},"end":{"line":52,"column":26}},{"start":{},"end":{}}]},"6":{"loc":{"start":{"line":59,"column":6},"end":{"line":65,"column":7}},"type":"if","locations":[{"start":{"line":59,"column":6},"end":{"line":65,"column":7}},{"start":{},"end":{}}]},"7":{"loc":{"start":{"line":69,"column":15},"end":{"line":69,"column":78}},"type":"cond-expr","locations":[{"start":{"line":69,"column":38},"end":{"line":69,"column":49}},{"start":{"line":69,"column":52},"end":{"line":69,"column":78}}]},"8":{"loc":{"start":{"line":74,"column":4},"end":{"line":76,"column":5}},"type":"if","locations":[{"start":{"line":74,"column":4},"end":{"line":76,"column":5}},{"start":{},"end":{}}]},"9":{"loc":{"start":{"line":74,"column":8},"end":{"line":74,"column":108}},"type":"binary-expr","locations":[{"start":{"line":74,"column":8},"end":{"line":74,"column":17}},{"start":{"line":74,"column":21},"end":{"line":74,"column":108}}]},"10":{"loc":{"start":{"line":83,"column":15},"end":{"line":83,"column":78}},"type":"cond-expr","locations":[{"start":{"line":83,"column":38},"end":{"line":83,"column":49}},{"start":{"line":83,"column":52},"end":{"line":83,"column":78}}]},"11":{"loc":{"start":{"line":87,"column":2},"end":{"line":89,"column":3}},"type":"if","locations":[{"start":{"line":87,"column":2},"end":{"line":89,"column":3}},{"start":{},"end":{}}]},"12":{"loc":{"start":{"line":91,"column":2},"end":{"line":93,"column":3}},"type":"if","locations":[{"start":{"line":91,"column":2},"end":{"line":93,"column":3}},{"start":{},"end":{}}]},"13":{"loc":{"start":{"line":100,"column":9},"end":{"line":100,"column":62}},"type":"binary-expr","locations":[{"start":{"line":100,"column":9},"end":{"line":100,"column":14}},{"start":{"line":100,"column":18},"end":{"line":100,"column":62}}]},"14":{"loc":{"start":{"line":110,"column":13},"end":{"line":118,"column":null}},"type":"cond-expr","locations":[{"start":{"line":111,"column":14},"end":{"line":115,"column":null}},{"start":{"line":118,"column":14},"end":{"line":118,"column":62}}]},"15":{"loc":{"start":{"line":124,"column":13},"end":{"line":132,"column":null}},"type":"cond-expr","locations":[{"start":{"line":125,"column":14},"end":{"line":129,"column":null}},{"start":{"line":132,"column":14},"end":{"line":132,"column":83}}]},"16":{"loc":{"start":{"line":132,"column":31},"end":{"line":132,"column":61}},"type":"binary-expr","locations":[{"start":{"line":132,"column":31},"end":{"line":132,"column":43}},{"start":{"line":132,"column":47},"end":{"line":132,"column":61}}]},"17":{"loc":{"start":{"line":138,"column":13},"end":{"line":146,"column":null}},"type":"cond-expr","locations":[{"start":{"line":139,"column":14},"end":{"line":143,"column":null}},{"start":{"line":146,"column":14},"end":{"line":146,"column":80}}]},"18":{"loc":{"start":{"line":146,"column":39},"end":{"line":146,"column":67}},"type":"binary-expr","locations":[{"start":{"line":146,"column":39},"end":{"line":146,"column":49}},{"start":{"line":146,"column":53},"end":{"line":146,"column":67}}]},"19":{"loc":{"start":{"line":152,"column":11},"end":{"line":174,"column":null}},"type":"cond-expr","locations":[{"start":{"line":153,"column":12},"end":{"line":169,"column":null}},{"start":{"line":172,"column":12},"end":{"line":172,"column":null}}]},"20":{"loc":{"start":{"line":162,"column":29},"end":{"line":162,"column":47}},"type":"binary-expr","locations":[{"start":{"line":162,"column":29},"end":{"line":162,"column":41}},{"start":{"line":162,"column":45},"end":{"line":162,"column":47}}]},"21":{"loc":{"start":{"line":163,"column":27},"end":{"line":163,"column":43}},"type":"binary-expr","locations":[{"start":{"line":163,"column":27},"end":{"line":163,"column":37}},{"start":{"line":163,"column":41},"end":{"line":163,"column":43}}]}},"s":{"0":0,"1":0,"2":0,"3":0,"4":0,"5":0,"6":0,"7":0,"8":0,"9":0,"10":0,"11":0,"12":0,"13":0,"14":0,"15":0,"16":0,"17":0,"18":0,"19":0,"20":0,"21":0,"22":0,"23":0,"24":0,"25":0,"26":0,"27":0,"28":0,"29":0,"30":0,"31":0,"32":0,"33":0,"34":0,"35":0,"36":0,"37":0,"38":0,"39":0,"40":0,"41":0,"42":0,"43":0,"44":0,"45":0,"46":0,"47":0},"f":{"0":0,"1":0,"2":0,"3":0,"4":0,"5":0,"6":0,"7":0,"8":0},"b":{"0":[0,0],"1":[0,0],"2":[0,0],"3":[0,0],"4":[0,0],"5":[0,0],"6":[0,0],"7":[0,0],"8":[0,0],"9":[0,0],"10":[0,0],"11":[0,0],"12":[0,0],"13":[0,0],"14":[0,0],"15":[0,0],"16":[0,0],"17":[0,0],"18":[0,0],"19":[0,0],"20":[0,0],"21":[0,0]}}
,"/home/rs678/Projects/ecommerce-fakestore2/src/features/auth/authSlice.ts": {"path":"/home/rs678/Projects/ecommerce-fakestore2/src/features/auth/authSlice.ts","statementMap":{"0":{"start":{"line":1,"column":0},"end":{"line":1,"column":67}},"1":{"start":{"line":10,"column":32},"end":{"line":14,"column":2}},"2":{"start":{"line":16,"column":18},"end":{"line":36,"column":2}},"3":{"start":{"line":21,"column":6},"end":{"line":21,"column":34}},"4":{"start":{"line":22,"column":6},"end":{"line":22,"column":28}},"5":{"start":{"line":23,"column":6},"end":{"line":23,"column":25}},"6":{"start":{"line":26,"column":6},"end":{"line":26,"column":37}},"7":{"start":{"line":29,"column":6},"end":{"line":29,"column":35}},"8":{"start":{"line":30,"column":6},"end":{"line":30,"column":28}},"9":{"start":{"line":33,"column":6},"end":{"line":33,"column":25}},"10":{"start":{"line":38,"column":13},"end":{"line":38,"column":61}},"11":{"start":{"line":39,"column":0},"end":{"line":39,"column":33}}},"fnMap":{"0":{"name":"(anonymous_0)","decl":{"start":{"line":20,"column":13},"end":{"line":20,"column":14}},"loc":{"start":{"line":20,"column":59},"end":{"line":24,"column":5}}},"1":{"name":"(anonymous_1)","decl":{"start":{"line":25,"column":16},"end":{"line":25,"column":17}},"loc":{"start":{"line":25,"column":58},"end":{"line":27,"column":5}}},"2":{"name":"(anonymous_2)","decl":{"start":{"line":28,"column":14},"end":{"line":28,"column":15}},"loc":{"start":{"line":28,"column":55},"end":{"line":31,"column":5}}},"3":{"name":"(anonymous_3)","decl":{"start":{"line":32,"column":16},"end":{"line":32,"column":17}},"loc":{"start":{"line":32,"column":26},"end":{"line":34,"column":5}}}},"branchMap":{},"s":{"0":2,"1":2,"2":2,"3":0,"4":0,"5":0,"6":0,"7":0,"8":0,"9":0,"10":2,"11":2},"f":{"0":0,"1":0,"2":0,"3":0},"b":{}}
,"/home/rs678/Projects/ecommerce-fakestore2/src/features/cart/cartSlice.ts": {"path":"/home/rs678/Projects/ecommerce-fakestore2/src/features/cart/cartSlice.ts","statementMap":{"0":{"start":{"line":2,"column":0},"end":{"line":2,"column":67}},"1":{"start":{"line":32,"column":28},"end":{"line":40,"column":1}},"2":{"start":{"line":33,"column":2},"end":{"line":39,"column":3}},"3":{"start":{"line":34,"column":21},"end":{"line":34,"column":51}},"4":{"start":{"line":35,"column":4},"end":{"line":35,"column":48}},"5":{"start":{"line":37,"column":4},"end":{"line":37,"column":68}},"6":{"start":{"line":38,"column":4},"end":{"line":38,"column":14}},"7":{"start":{"line":43,"column":26},"end":{"line":49,"column":1}},"8":{"start":{"line":44,"column":2},"end":{"line":48,"column":3}},"9":{"start":{"line":45,"column":4},"end":{"line":45,"column":58}},"10":{"start":{"line":47,"column":4},"end":{"line":47,"column":65}},"11":{"start":{"line":51,"column":32},"end":{"line":53,"column":2}},"12":{"start":{"line":55,"column":18},"end":{"line":83,"column":2}},"13":{"start":{"line":60,"column":23},"end":{"line":60,"column":80}},"14":{"start":{"line":60,"column":50},"end":{"line":60,"column":79}},"15":{"start":{"line":61,"column":6},"end":{"line":71,"column":7}},"16":{"start":{"line":62,"column":8},"end":{"line":62,"column":31}},"17":{"start":{"line":64,"column":8},"end":{"line":70,"column":11}},"18":{"start":{"line":72,"column":6},"end":{"line":72,"column":37}},"19":{"start":{"line":75,"column":6},"end":{"line":75,"column":77}},"20":{"start":{"line":75,"column":49},"end":{"line":75,"column":75}},"21":{"start":{"line":76,"column":6},"end":{"line":76,"column":37}},"22":{"start":{"line":79,"column":6},"end":{"line":79,"column":23}},"23":{"start":{"line":80,"column":6},"end":{"line":80,"column":37}},"24":{"start":{"line":85,"column":13},"end":{"line":85,"column":56}},"25":{"start":{"line":86,"column":0},"end":{"line":86,"column":33}}},"fnMap":{"0":{"name":"(anonymous_0)","decl":{"start":{"line":32,"column":28},"end":{"line":32,"column":43}},"loc":{"start":{"line":32,"column":45},"end":{"line":40,"column":1}}},"1":{"name":"(anonymous_1)","decl":{"start":{"line":43,"column":26},"end":{"line":43,"column":27}},"loc":{"start":{"line":43,"column":48},"end":{"line":49,"column":1}}},"2":{"name":"(anonymous_2)","decl":{"start":{"line":59,"column":15},"end":{"line":59,"column":16}},"loc":{"start":{"line":59,"column":57},"end":{"line":73,"column":5}}},"3":{"name":"(anonymous_3)","decl":{"start":{"line":60,"column":40},"end":{"line":60,"column":41}},"loc":{"start":{"line":60,"column":50},"end":{"line":60,"column":79}}},"4":{"name":"(anonymous_4)","decl":{"start":{"line":74,"column":20},"end":{"line":74,"column":21}},"loc":{"start":{"line":74,"column":61},"end":{"line":77,"column":5}}},"5":{"name":"(anonymous_5)","decl":{"start":{"line":75,"column":39},"end":{"line":75,"column":40}},"loc":{"start":{"line":75,"column":49},"end":{"line":75,"column":75}}},"6":{"name":"(anonymous_6)","decl":{"start":{"line":78,"column":15},"end":{"line":78,"column":16}},"loc":{"start":{"line":78,"column":25},"end":{"line":81,"column":5}}}},"branchMap":{"0":{"loc":{"start":{"line":35,"column":11},"end":{"line":35,"column":47}},"type":"cond-expr","locations":[{"start":{"line":35,"column":22},"end":{"line":35,"column":42}},{"start":{"line":35,"column":45},"end":{"line":35,"column":47}}]},"1":{"loc":{"start":{"line":61,"column":6},"end":{"line":71,"column":7}},"type":"if","locations":[{"start":{"line":61,"column":6},"end":{"line":71,"column":7}},{"start":{"line":63,"column":13},"end":{"line":71,"column":7}}]}},"s":{"0":2,"1":2,"2":2,"3":2,"4":2,"5":0,"6":0,"7":2,"8":23,"9":23,"10":1,"11":2,"12":2,"13":21,"14":16,"15":21,"16":5,"17":16,"18":21,"19":2,"20":3,"21":2,"22":0,"23":0,"24":2,"25":2},"f":{"0":2,"1":23,"2":21,"3":16,"4":2,"5":3,"6":0},"b":{"0":[0,2],"1":[5,16]}}
,"/home/rs678/Projects/ecommerce-fakestore2/src/features/cart/fakeCartSlice.ts": {"path":"/home/rs678/Projects/ecommerce-fakestore2/src/features/cart/fakeCartSlice.ts","statementMap":{"0":{"start":{"line":8,"column":36},"end":{"line":10,"column":2}},"1":{"start":{"line":12,"column":22},"end":{"line":16,"column":2}}},"fnMap":{},"branchMap":{},"s":{"0":0,"1":0},"f":{},"b":{}}
,"/home/rs678/Projects/ecommerce-fakestore2/src/lib/firebase.ts": {"path":"/home/rs678/Projects/ecommerce-fakestore2/src/lib/firebase.ts","statementMap":{"0":{"start":{"line":5,"column":23},"end":{"line":12,"column":2}},"1":{"start":{"line":14,"column":12},"end":{"line":14,"column":41}},"2":{"start":{"line":16,"column":20},"end":{"line":16,"column":32}},"3":{"start":{"line":17,"column":18},"end":{"line":17,"column":35}}},"fnMap":{},"branchMap":{},"s":{"0":0,"1":0,"2":0,"3":0},"f":{},"b":{}}
,"/home/rs678/Projects/ecommerce-fakestore2/src/lib/firestore.ts": {"path":"/home/rs678/Projects/ecommerce-fakestore2/src/lib/firestore.ts","statementMap":{"0":{"start":{"line":19,"column":26},"end":{"line":27,"column":1}},"1":{"start":{"line":20,"column":18},"end":{"line":24,"column":4}},"2":{"start":{"line":25,"column":2},"end":{"line":25,"column":67}},"3":{"start":{"line":26,"column":2},"end":{"line":26,"column":16}},"4":{"start":{"line":29,"column":23},"end":{"line":40,"column":1}},"5":{"start":{"line":30,"column":18},"end":{"line":30,"column":56}},"6":{"start":{"line":31,"column":2},"end":{"line":31,"column":37}},"7":{"start":{"line":31,"column":25},"end":{"line":31,"column":37}},"8":{"start":{"line":33,"column":15},"end":{"line":33,"column":29}},"9":{"start":{"line":34,"column":2},"end":{"line":39,"column":12}},"10":{"start":{"line":42,"column":26},"end":{"line":47,"column":1}},"11":{"start":{"line":43,"column":2},"end":{"line":46,"column":5}},"12":{"start":{"line":49,"column":26},"end":{"line":51,"column":1}},"13":{"start":{"line":50,"column":2},"end":{"line":50,"column":44}},"14":{"start":{"line":54,"column":29},"end":{"line":61,"column":1}},"15":{"start":{"line":55,"column":17},"end":{"line":59,"column":4}},"16":{"start":{"line":60,"column":2},"end":{"line":60,"column":19}},"17":{"start":{"line":63,"column":27},"end":{"line":74,"column":1}},"18":{"start":{"line":64,"column":24},"end":{"line":64,"column":65}},"19":{"start":{"line":65,"column":2},"end":{"line":73,"column":5}},"20":{"start":{"line":66,"column":17},"end":{"line":66,"column":27}},"21":{"start":{"line":67,"column":4},"end":{"line":72,"column":17}},"22":{"start":{"line":76,"column":26},"end":{"line":87,"column":1}},"23":{"start":{"line":77,"column":21},"end":{"line":77,"column":65}},"24":{"start":{"line":78,"column":2},"end":{"line":78,"column":40}},"25":{"start":{"line":78,"column":28},"end":{"line":78,"column":40}},"26":{"start":{"line":80,"column":15},"end":{"line":80,"column":32}},"27":{"start":{"line":81,"column":2},"end":{"line":86,"column":15}},"28":{"start":{"line":89,"column":29},"end":{"line":94,"column":1}},"29":{"start":{"line":90,"column":2},"end":{"line":93,"column":5}},"30":{"start":{"line":96,"column":29},"end":{"line":98,"column":1}},"31":{"start":{"line":97,"column":2},"end":{"line":97,"column":50}},"32":{"start":{"line":101,"column":27},"end":{"line":108,"column":1}},"33":{"start":{"line":102,"column":17},"end":{"line":106,"column":4}},"34":{"start":{"line":107,"column":2},"end":{"line":107,"column":19}},"35":{"start":{"line":110,"column":29},"end":{"line":127,"column":1}},"36":{"start":{"line":111,"column":12},"end":{"line":114,"column":null}},"37":{"start":{"line":116,"column":24},"end":{"line":116,"column":40}},"38":{"start":{"line":118,"column":2},"end":{"line":126,"column":5}},"39":{"start":{"line":119,"column":17},"end":{"line":119,"column":27}},"40":{"start":{"line":120,"column":4},"end":{"line":125,"column":15}},"41":{"start":{"line":129,"column":24},"end":{"line":140,"column":1}},"42":{"start":{"line":130,"column":19},"end":{"line":130,"column":59}},"43":{"start":{"line":131,"column":2},"end":{"line":131,"column":38}},"44":{"start":{"line":131,"column":26},"end":{"line":131,"column":38}},"45":{"start":{"line":133,"column":15},"end":{"line":133,"column":30}},"46":{"start":{"line":134,"column":2},"end":{"line":139,"column":13}},"47":{"start":{"line":142,"column":27},"end":{"line":147,"column":1}},"48":{"start":{"line":143,"column":2},"end":{"line":146,"column":5}}},"fnMap":{"0":{"name":"(anonymous_0)","decl":{"start":{"line":19,"column":26},"end":{"line":19,"column":31}},"loc":{"start":{"line":19,"column":107},"end":{"line":27,"column":1}}},"1":{"name":"(anonymous_1)","decl":{"start":{"line":29,"column":23},"end":{"line":29,"column":28}},"loc":{"start":{"line":29,"column":70},"end":{"line":40,"column":1}}},"2":{"name":"(anonymous_2)","decl":{"start":{"line":42,"column":26},"end":{"line":42,"column":31}},"loc":{"start":{"line":42,"column":102},"end":{"line":47,"column":1}}},"3":{"name":"(anonymous_3)","decl":{"start":{"line":49,"column":26},"end":{"line":49,"column":31}},"loc":{"start":{"line":49,"column":51},"end":{"line":51,"column":1}}},"4":{"name":"(anonymous_4)","decl":{"start":{"line":54,"column":29},"end":{"line":54,"column":34}},"loc":{"start":{"line":54,"column":100},"end":{"line":61,"column":1}}},"5":{"name":"(anonymous_5)","decl":{"start":{"line":63,"column":27},"end":{"line":63,"column":32}},"loc":{"start":{"line":63,"column":58},"end":{"line":74,"column":1}}},"6":{"name":"(anonymous_6)","decl":{"start":{"line":65,"column":32},"end":{"line":65,"column":35}},"loc":{"start":{"line":65,"column":38},"end":{"line":73,"column":3}}},"7":{"name":"(anonymous_7)","decl":{"start":{"line":76,"column":26},"end":{"line":76,"column":31}},"loc":{"start":{"line":76,"column":79},"end":{"line":87,"column":1}}},"8":{"name":"(anonymous_8)","decl":{"start":{"line":89,"column":29},"end":{"line":89,"column":34}},"loc":{"start":{"line":89,"column":114},"end":{"line":94,"column":1}}},"9":{"name":"(anonymous_9)","decl":{"start":{"line":96,"column":29},"end":{"line":96,"column":34}},"loc":{"start":{"line":96,"column":57},"end":{"line":98,"column":1}}},"10":{"name":"(anonymous_10)","decl":{"start":{"line":101,"column":27},"end":{"line":101,"column":32}},"loc":{"start":{"line":101,"column":94},"end":{"line":108,"column":1}}},"11":{"name":"(anonymous_11)","decl":{"start":{"line":110,"column":29},"end":{"line":110,"column":34}},"loc":{"start":{"line":110,"column":72},"end":{"line":127,"column":1}}},"12":{"name":"(anonymous_12)","decl":{"start":{"line":118,"column":32},"end":{"line":118,"column":35}},"loc":{"start":{"line":118,"column":38},"end":{"line":126,"column":3}}},"13":{"name":"(anonymous_13)","decl":{"start":{"line":129,"column":24},"end":{"line":129,"column":29}},"loc":{"start":{"line":129,"column":73},"end":{"line":140,"column":1}}},"14":{"name":"(anonymous_14)","decl":{"start":{"line":142,"column":27},"end":{"line":142,"column":32}},"loc":{"start":{"line":142,"column":106},"end":{"line":147,"column":1}}}},"branchMap":{"0":{"loc":{"start":{"line":31,"column":2},"end":{"line":31,"column":37}},"type":"if","locations":[{"start":{"line":31,"column":2},"end":{"line":31,"column":37}},{"start":{},"end":{}}]},"1":{"loc":{"start":{"line":78,"column":2},"end":{"line":78,"column":40}},"type":"if","locations":[{"start":{"line":78,"column":2},"end":{"line":78,"column":40}},{"start":{},"end":{}}]},"2":{"loc":{"start":{"line":131,"column":2},"end":{"line":131,"column":38}},"type":"if","locations":[{"start":{"line":131,"column":2},"end":{"line":131,"column":38}},{"start":{},"end":{}}]}},"s":{"0":0,"1":0,"2":0,"3":0,"4":0,"5":0,"6":0,"7":0,"8":0,"9":0,"10":0,"11":0,"12":0,"13":0,"14":0,"15":0,"16":0,"17":0,"18":0,"19":0,"20":0,"21":0,"22":0,"23":0,"24":0,"25":0,"26":0,"27":0,"28":0,"29":0,"30":0,"31":0,"32":0,"33":0,"34":0,"35":0,"36":0,"37":0,"38":0,"39":0,"40":0,"41":0,"42":0,"43":0,"44":0,"45":0,"46":0,"47":0,"48":0},"f":{"0":0,"1":0,"2":0,"3":0,"4":0,"5":0,"6":0,"7":0,"8":0,"9":0,"10":0,"11":0,"12":0,"13":0,"14":0},"b":{"0":[0,0],"1":[0,0],"2":[0,0]}}
,"/home/rs678/Projects/ecommerce-fakestore2/src/scripts/addSampleProducts.ts": {"path":"/home/rs678/Projects/ecommerce-fakestore2/src/scripts/addSampleProducts.ts","statementMap":{"0":{"start":{"line":4,"column":23},"end":{"line":11,"column":2}},"1":{"start":{"line":13,"column":12},"end":{"line":13,"column":41}},"2":{"start":{"line":14,"column":11},"end":{"line":14,"column":28}},"3":{"start":{"line":16,"column":23},"end":{"line":97,"column":2}},"4":{"start":{"line":100,"column":2},"end":{"line":100,"column":56}},"5":{"start":{"line":102,"column":2},"end":{"line":117,"column":3}},"6":{"start":{"line":103,"column":21},"end":{"line":108,"column":null}},"7":{"start":{"line":104,"column":6},"end":{"line":108,"column":8}},"8":{"start":{"line":111,"column":4},"end":{"line":111,"column":32}},"9":{"start":{"line":112,"column":4},"end":{"line":112,"column":83}},"10":{"start":{"line":113,"column":4},"end":{"line":113,"column":82}},"11":{"start":{"line":116,"column":4},"end":{"line":116,"column":53}},"12":{"start":{"line":120,"column":0},"end":{"line":120,"column":20}}},"fnMap":{"0":{"name":"addSampleProducts","decl":{"start":{"line":99,"column":15},"end":{"line":99,"column":32}},"loc":{"start":{"line":99,"column":32},"end":{"line":118,"column":1}}},"1":{"name":"(anonymous_1)","decl":{"start":{"line":103,"column":40},"end":{"line":103,"column":47}},"loc":{"start":{"line":104,"column":6},"end":{"line":108,"column":8}}}},"branchMap":{},"s":{"0":0,"1":0,"2":0,"3":0,"4":0,"5":0,"6":0,"7":0,"8":0,"9":0,"10":0,"11":0,"12":0},"f":{"0":0,"1":0},"b":{}}
,"/home/rs678/Projects/ecommerce-fakestore2/src/utils/test-utils.tsx": {"path":"/home/rs678/Projects/ecommerce-fakestore2/src/utils/test-utils.tsx","statementMap":{"0":{"start":{"line":8,"column":0},"end":{"line":8,"column":16}},"1":{"start":{"line":18,"column":0},"end":{"line":18,"column":16}},"2":{"start":{"line":2,"column":0},"end":{"line":2,"column":48}},"3":{"start":{"line":3,"column":0},"end":{"line":3,"column":39}},"4":{"start":{"line":4,"column":0},"end":{"line":4,"column":50}},"5":{"start":{"line":5,"column":0},"end":{"line":5,"column":53}},"6":{"start":{"line":6,"column":0},"end":{"line":6,"column":53}},"7":{"start":{"line":9,"column":2},"end":{"line":15,"column":5}},"8":{"start":{"line":25,"column":75},"end":{"line":25,"column":82}},"9":{"start":{"line":28,"column":4},"end":{"line":28,"column":57}},"10":{"start":{"line":31,"column":2},"end":{"line":34,"column":4}}},"fnMap":{"0":{"name":"createTestStore","decl":{"start":{"line":8,"column":16},"end":{"line":8,"column":31}},"loc":{"start":{"line":8,"column":51},"end":{"line":16,"column":1}}},"1":{"name":"renderWithProviders","decl":{"start":{"line":18,"column":16},"end":{"line":18,"column":35}},"loc":{"start":{"line":23,"column":8},"end":{"line":35,"column":1}}},"2":{"name":"Wrapper","decl":{"start":{"line":27,"column":11},"end":{"line":27,"column":18}},"loc":{"start":{"line":27,"column":62},"end":{"line":29,"column":3}}}},"branchMap":{"0":{"loc":{"start":{"line":8,"column":32},"end":{"line":8,"column":51}},"type":"default-arg","locations":[{"start":{"line":8,"column":49},"end":{"line":8,"column":51}}]},"1":{"loc":{"start":{"line":20,"column":2},"end":{"line":23,"column":8}},"type":"default-arg","locations":[{"start":{"line":23,"column":6},"end":{"line":23,"column":8}}]},"2":{"loc":{"start":{"line":25,"column":10},"end":{"line":25,"column":29}},"type":"default-arg","locations":[{"start":{"line":25,"column":27},"end":{"line":25,"column":29}}]},"3":{"loc":{"start":{"line":25,"column":31},"end":{"line":25,"column":70}},"type":"default-arg","locations":[{"start":{"line":25,"column":39},"end":{"line":25,"column":70}}]}},"s":{"0":2,"1":2,"2":2,"3":2,"4":2,"5":2,"6":2,"7":23,"8":23,"9":23,"10":23},"f":{"0":23,"1":23,"2":23},"b":{"0":[0],"1":[22],"2":[22],"3":[23]}}
}
